{"C:\\dev\\Killamanind\\src\\features\\auth\\services\\authService.ts": {"path":"C:\\dev\\Killamani\\frontend\\src\\features\\auth\\services\\authService.ts","statementMap":{"0":{"start":{"line":27,"column":27},"end":{"line":106,"column":null}},"1":{"start":{"line":32,"column":21},"end":{"line":32,"column":null}},"2":{"start":{"line":34,"column":31},"end":{"line":39,"column":null}},"3":{"start":{"line":41,"column":23},"end":{"line":48,"column":null}},"4":{"start":{"line":51,"column":4},"end":{"line":51,"column":null}},"5":{"start":{"line":52,"column":4},"end":{"line":52,"column":null}},"6":{"start":{"line":54,"column":4},"end":{"line":54,"column":null}},"7":{"start":{"line":61,"column":21},"end":{"line":61,"column":null}},"8":{"start":{"line":62,"column":4},"end":{"line":62,"column":null}},"9":{"start":{"line":69,"column":4},"end":{"line":75,"column":null}},"10":{"start":{"line":70,"column":6},"end":{"line":70,"column":null}},"11":{"start":{"line":73,"column":6},"end":{"line":73,"column":null}},"12":{"start":{"line":74,"column":6},"end":{"line":74,"column":null}},"13":{"start":{"line":82,"column":21},"end":{"line":84,"column":null}},"14":{"start":{"line":87,"column":4},"end":{"line":87,"column":null}},"15":{"start":{"line":88,"column":4},"end":{"line":88,"column":null}},"16":{"start":{"line":90,"column":4},"end":{"line":90,"column":null}},"17":{"start":{"line":97,"column":4},"end":{"line":97,"column":null}},"18":{"start":{"line":104,"column":4},"end":{"line":104,"column":null}}},"fnMap":{"0":{"name":"(anonymous_0)","decl":{"start":{"line":31,"column":8},"end":{"line":31,"column":14}},"loc":{"start":{"line":31,"column":90},"end":{"line":55,"column":null}},"line":31},"1":{"name":"(anonymous_1)","decl":{"start":{"line":60,"column":8},"end":{"line":60,"column":17}},"loc":{"start":{"line":60,"column":52},"end":{"line":63,"column":null}},"line":60},"2":{"name":"(anonymous_2)","decl":{"start":{"line":68,"column":8},"end":{"line":68,"column":32}},"loc":{"start":{"line":68,"column":32},"end":{"line":76,"column":null}},"line":68},"3":{"name":"(anonymous_3)","decl":{"start":{"line":81,"column":8},"end":{"line":81,"column":21}},"loc":{"start":{"line":81,"column":64},"end":{"line":91,"column":null}},"line":81},"4":{"name":"(anonymous_4)","decl":{"start":{"line":96,"column":2},"end":{"line":96,"column":29}},"loc":{"start":{"line":96,"column":29},"end":{"line":98,"column":null}},"line":96},"5":{"name":"(anonymous_5)","decl":{"start":{"line":103,"column":2},"end":{"line":103,"column":34}},"loc":{"start":{"line":103,"column":34},"end":{"line":105,"column":null}},"line":103}},"branchMap":{},"s":{"0":1,"1":2,"2":1,"3":1,"4":1,"5":1,"6":1,"7":2,"8":1,"9":2,"10":2,"11":2,"12":2,"13":2,"14":1,"15":1,"16":1,"17":2,"18":2},"f":{"0":2,"1":2,"2":2,"3":2,"4":2,"5":2},"b":{},"meta":{"lastBranch":0,"lastFunction":6,"lastStatement":19,"seen":{"s:27:27:106:Infinity":0,"f:31:8:31:14":0,"s:32:21:32:Infinity":1,"s:34:31:39:Infinity":2,"s:41:23:48:Infinity":3,"s:51:4:51:Infinity":4,"s:52:4:52:Infinity":5,"s:54:4:54:Infinity":6,"f:60:8:60:17":1,"s:61:21:61:Infinity":7,"s:62:4:62:Infinity":8,"f:68:8:68:32":2,"s:69:4:75:Infinity":9,"s:70:6:70:Infinity":10,"s:73:6:73:Infinity":11,"s:74:6:74:Infinity":12,"f:81:8:81:21":3,"s:82:21:84:Infinity":13,"s:87:4:87:Infinity":14,"s:88:4:88:Infinity":15,"s:90:4:90:Infinity":16,"f:96:2:96:29":4,"s:97:4:97:Infinity":17,"f:103:2:103:34":5,"s:104:4:104:Infinity":18}}}
,"C:\\dev\\Killamanind\\src\\features\\charts\\services\\chartService.ts": {"path":"C:\\dev\\Killamani\\frontend\\src\\features\\charts\\services\\chartService.ts","statementMap":{"0":{"start":{"line":9,"column":28},"end":{"line":40,"column":null}},"1":{"start":{"line":14,"column":21},"end":{"line":14,"column":null}},"2":{"start":{"line":15,"column":4},"end":{"line":15,"column":null}},"3":{"start":{"line":22,"column":21},"end":{"line":22,"column":null}},"4":{"start":{"line":23,"column":4},"end":{"line":23,"column":null}},"5":{"start":{"line":30,"column":21},"end":{"line":30,"column":null}},"6":{"start":{"line":31,"column":4},"end":{"line":31,"column":null}},"7":{"start":{"line":38,"column":4},"end":{"line":38,"column":null}}},"fnMap":{"0":{"name":"(anonymous_0)","decl":{"start":{"line":13,"column":8},"end":{"line":13,"column":18}},"loc":{"start":{"line":13,"column":112},"end":{"line":16,"column":null}},"line":13},"1":{"name":"(anonymous_1)","decl":{"start":{"line":21,"column":8},"end":{"line":21,"column":17}},"loc":{"start":{"line":21,"column":45},"end":{"line":24,"column":null}},"line":21},"2":{"name":"(anonymous_2)","decl":{"start":{"line":29,"column":8},"end":{"line":29,"column":20}},"loc":{"start":{"line":29,"column":58},"end":{"line":32,"column":null}},"line":29},"3":{"name":"(anonymous_3)","decl":{"start":{"line":37,"column":8},"end":{"line":37,"column":20}},"loc":{"start":{"line":37,"column":47},"end":{"line":39,"column":null}},"line":37}},"branchMap":{},"s":{"0":1,"1":3,"2":2,"3":2,"4":1,"5":3,"6":2,"7":3},"f":{"0":3,"1":2,"2":3,"3":3},"b":{},"meta":{"lastBranch":0,"lastFunction":4,"lastStatement":8,"seen":{"s:9:28:40:Infinity":0,"f:13:8:13:18":0,"s:14:21:14:Infinity":1,"s:15:4:15:Infinity":2,"f:21:8:21:17":1,"s:22:21:22:Infinity":3,"s:23:4:23:Infinity":4,"f:29:8:29:20":2,"s:30:21:30:Infinity":5,"s:31:4:31:Infinity":6,"f:37:8:37:20":3,"s:38:4:38:Infinity":7}}}
,"C:\\dev\\Killamanind\\src\\features\\clients\\services\\clientService.ts": {"path":"C:\\dev\\Killamani\\frontend\\src\\features\\clients\\services\\clientService.ts","statementMap":{"0":{"start":{"line":9,"column":29},"end":{"line":48,"column":null}},"1":{"start":{"line":14,"column":21},"end":{"line":14,"column":null}},"2":{"start":{"line":15,"column":4},"end":{"line":15,"column":null}},"3":{"start":{"line":22,"column":21},"end":{"line":22,"column":null}},"4":{"start":{"line":23,"column":4},"end":{"line":23,"column":null}},"5":{"start":{"line":30,"column":21},"end":{"line":30,"column":null}},"6":{"start":{"line":31,"column":4},"end":{"line":31,"column":null}},"7":{"start":{"line":38,"column":21},"end":{"line":38,"column":null}},"8":{"start":{"line":39,"column":4},"end":{"line":39,"column":null}},"9":{"start":{"line":46,"column":4},"end":{"line":46,"column":null}}},"fnMap":{"0":{"name":"(anonymous_0)","decl":{"start":{"line":13,"column":8},"end":{"line":13,"column":19}},"loc":{"start":{"line":13,"column":112},"end":{"line":16,"column":null}},"line":13},"1":{"name":"(anonymous_1)","decl":{"start":{"line":21,"column":8},"end":{"line":21,"column":18}},"loc":{"start":{"line":21,"column":47},"end":{"line":24,"column":null}},"line":21},"2":{"name":"(anonymous_2)","decl":{"start":{"line":29,"column":8},"end":{"line":29,"column":21}},"loc":{"start":{"line":29,"column":61},"end":{"line":32,"column":null}},"line":29},"3":{"name":"(anonymous_3)","decl":{"start":{"line":37,"column":8},"end":{"line":37,"column":21}},"loc":{"start":{"line":37,"column":82},"end":{"line":40,"column":null}},"line":37},"4":{"name":"(anonymous_4)","decl":{"start":{"line":45,"column":8},"end":{"line":45,"column":21}},"loc":{"start":{"line":45,"column":48},"end":{"line":47,"column":null}},"line":45}},"branchMap":{},"s":{"0":1,"1":3,"2":2,"3":2,"4":1,"5":2,"6":1,"7":2,"8":1,"9":2},"f":{"0":3,"1":2,"2":2,"3":2,"4":2},"b":{},"meta":{"lastBranch":0,"lastFunction":5,"lastStatement":10,"seen":{"s:9:29:48:Infinity":0,"f:13:8:13:19":0,"s:14:21:14:Infinity":1,"s:15:4:15:Infinity":2,"f:21:8:21:18":1,"s:22:21:22:Infinity":3,"s:23:4:23:Infinity":4,"f:29:8:29:21":2,"s:30:21:30:Infinity":5,"s:31:4:31:Infinity":6,"f:37:8:37:21":3,"s:38:21:38:Infinity":7,"s:39:4:39:Infinity":8,"f:45:8:45:21":4,"s:46:4:46:Infinity":9}}}
}
