TN:
SF:src\features\auth\services\authService.ts
FN:31,(anonymous_0)
FN:60,(anonymous_1)
FN:68,(anonymous_2)
FN:81,(anonymous_3)
FN:96,(anonymous_4)
FN:103,(anonymous_5)
FNF:6
FNH:6
FNDA:2,(anonymous_0)
FNDA:2,(anonymous_1)
FNDA:2,(anonymous_2)
FNDA:2,(anonymous_3)
FNDA:2,(anonymous_4)
FNDA:2,(anonymous_5)
DA:27,1
DA:32,2
DA:34,1
DA:41,1
DA:51,1
DA:52,1
DA:54,1
DA:61,2
DA:62,1
DA:69,2
DA:70,2
DA:73,2
DA:74,2
DA:82,2
DA:87,1
DA:88,1
DA:90,1
DA:97,2
DA:104,2
LF:19
LH:19
BRF:0
BRH:0
end_of_record
TN:
SF:src\features\charts\services\chartService.ts
FN:13,(anonymous_0)
FN:21,(anonymous_1)
FN:29,(anonymous_2)
FN:37,(anonymous_3)
FNF:4
FNH:4
FNDA:3,(anonymous_0)
FNDA:2,(anonymous_1)
FNDA:3,(anonymous_2)
FNDA:3,(anonymous_3)
DA:9,1
DA:14,3
DA:15,2
DA:22,2
DA:23,1
DA:30,3
DA:31,2
DA:38,3
LF:8
LH:8
BRF:0
BRH:0
end_of_record
TN:
SF:src\features\clients\services\clientService.ts
FN:13,(anonymous_0)
FN:21,(anonymous_1)
FN:29,(anonymous_2)
FN:37,(anonymous_3)
FN:45,(anonymous_4)
FNF:5
FNH:5
FNDA:3,(anonymous_0)
FNDA:2,(anonymous_1)
FNDA:2,(anonymous_2)
FNDA:2,(anonymous_3)
FNDA:2,(anonymous_4)
DA:9,1
DA:14,3
DA:15,2
DA:22,2
DA:23,1
DA:30,2
DA:31,1
DA:38,2
DA:39,1
DA:46,2
LF:10
LH:10
BRF:0
BRH:0
end_of_record
