<?xml version="1.0" ?>
<coverage version="7.11.0" timestamp="1761239533765" lines-valid="2420" lines-covered="1594" line-rate="0.6587" branches-valid="290" branches-covered="61" branch-rate="0.2103" complexity="0">
	<!-- Generated by coverage.py: https://coverage.readthedocs.io/en/7.11.0 -->
	<!-- Based on https://raw.githubusercontent.com/cobertura/web/master/htdocs/xml/coverage-04.dtd -->
	<sources>
		<source>C:\dev\astrojoy-platform\backend\src</source>
	</sources>
	<packages>
		<package name="." line-rate="0.9024" branch-rate="0.5" complexity="0">
			<classes>
				<class name="main.py" filename="main.py" complexity="0" line-rate="0.9024" branch-rate="0.5">
					<methods/>
					<lines>
						<line number="6" hits="1"/>
						<line number="7" hits="1"/>
						<line number="8" hits="1"/>
						<line number="9" hits="1"/>
						<line number="10" hits="1"/>
						<line number="12" hits="1"/>
						<line number="13" hits="1"/>
						<line number="14" hits="1"/>
						<line number="20" hits="1"/>
						<line number="22" hits="1"/>
						<line number="25" hits="1"/>
						<line number="40" hits="1"/>
						<line number="41" hits="1"/>
						<line number="42" hits="1"/>
						<line number="44" hits="1"/>
						<line number="56" hits="1"/>
						<line number="57" hits="1"/>
						<line number="58" hits="1"/>
						<line number="59" hits="1"/>
						<line number="65" hits="1"/>
						<line number="71" hits="1"/>
						<line number="77" hits="1"/>
						<line number="87" hits="1"/>
						<line number="88" hits="1"/>
						<line number="94" hits="0"/>
						<line number="101" hits="1"/>
						<line number="102" hits="1"/>
						<line number="108" hits="0"/>
						<line number="120" hits="1"/>
						<line number="121" hits="1"/>
						<line number="125" hits="1"/>
						<line number="126" hits="1"/>
						<line number="127" hits="1"/>
						<line number="128" hits="1"/>
						<line number="129" hits="1"/>
						<line number="132" hits="1"/>
						<line number="133" hits="1"/>
						<line number="137" hits="1"/>
						<line number="144" hits="1" branch="true" condition-coverage="50% (1/2)" missing-branches="145"/>
						<line number="145" hits="0"/>
						<line number="147" hits="0"/>
					</lines>
				</class>
			</classes>
		</package>
		<package name="adapters.calculators" line-rate="0.3048" branch-rate="0.03571" complexity="0">
			<classes>
				<class name="__init__.py" filename="adapters/calculators/__init__.py" complexity="0" line-rate="1" branch-rate="1">
					<methods/>
					<lines>
						<line number="6" hits="1"/>
						<line number="8" hits="1"/>
					</lines>
				</class>
				<class name="kerykeion_calculator.py" filename="adapters/calculators/kerykeion_calculator.py" complexity="0" line-rate="0.2913" branch-rate="0.03571">
					<methods/>
					<lines>
						<line number="6" hits="1"/>
						<line number="7" hits="1"/>
						<line number="8" hits="1"/>
						<line number="10" hits="1"/>
						<line number="11" hits="1"/>
						<line number="12" hits="0"/>
						<line number="13" hits="0"/>
						<line number="14" hits="1"/>
						<line number="15" hits="1"/>
						<line number="16" hits="1"/>
						<line number="17" hits="1"/>
						<line number="18" hits="1"/>
						<line number="20" hits="1"/>
						<line number="21" hits="1"/>
						<line number="22" hits="1"/>
						<line number="23" hits="1"/>
						<line number="25" hits="1"/>
						<line number="28" hits="1"/>
						<line number="35" hits="1"/>
						<line number="36" hits="1" branch="true" condition-coverage="50% (1/2)" missing-branches="42"/>
						<line number="37" hits="1"/>
						<line number="42" hits="0"/>
						<line number="53" hits="1"/>
						<line number="61" hits="0"/>
						<line number="63" hits="0"/>
						<line number="81" hits="0"/>
						<line number="84" hits="0"/>
						<line number="87" hits="0"/>
						<line number="88" hits="0"/>
						<line number="91" hits="0"/>
						<line number="93" hits="0"/>
						<line number="105" hits="0"/>
						<line number="106" hits="0"/>
						<line number="108" hits="1"/>
						<line number="110" hits="0"/>
						<line number="112" hits="0"/>
						<line number="113" hits="0" branch="true" condition-coverage="0% (0/2)" missing-branches="114,117"/>
						<line number="114" hits="0"/>
						<line number="117" hits="0"/>
						<line number="118" hits="0" branch="true" condition-coverage="0% (0/2)" missing-branches="119,121"/>
						<line number="119" hits="0"/>
						<line number="121" hits="0"/>
						<line number="124" hits="0"/>
						<line number="125" hits="0"/>
						<line number="136" hits="0"/>
						<line number="144" hits="0"/>
						<line number="145" hits="0"/>
						<line number="147" hits="1"/>
						<line number="154" hits="0"/>
						<line number="159" hits="0"/>
						<line number="161" hits="0"/>
						<line number="170" hits="0"/>
						<line number="171" hits="0"/>
						<line number="173" hits="1"/>
						<line number="179" hits="0"/>
						<line number="184" hits="0"/>
						<line number="195" hits="0"/>
						<line number="196" hits="0"/>
						<line number="198" hits="1"/>
						<line number="205" hits="0"/>
						<line number="209" hits="0"/>
						<line number="210" hits="0"/>
						<line number="212" hits="0"/>
						<line number="213" hits="0"/>
						<line number="215" hits="1"/>
						<line number="217" hits="0"/>
						<line number="228" hits="1"/>
						<line number="230" hits="0"/>
						<line number="236" hits="1"/>
						<line number="244" hits="0"/>
						<line number="247" hits="0"/>
						<line number="252" hits="0" branch="true" condition-coverage="0% (0/2)" missing-branches="253,255"/>
						<line number="253" hits="0"/>
						<line number="255" hits="0" branch="true" condition-coverage="0% (0/2)" missing-branches="256,258"/>
						<line number="256" hits="0"/>
						<line number="258" hits="0" branch="true" condition-coverage="0% (0/2)" missing-branches="259,261"/>
						<line number="259" hits="0"/>
						<line number="261" hits="0" branch="true" condition-coverage="0% (0/2)" missing-branches="262,277"/>
						<line number="262" hits="0" branch="true" condition-coverage="0% (0/2)" missing-branches="261,263"/>
						<line number="263" hits="0"/>
						<line number="264" hits="0"/>
						<line number="277" hits="0"/>
						<line number="279" hits="1"/>
						<line number="281" hits="0"/>
						<line number="283" hits="0" branch="true" condition-coverage="0% (0/2)" missing-branches="284,294"/>
						<line number="284" hits="0"/>
						<line number="285" hits="0" branch="true" condition-coverage="0% (0/2)" missing-branches="283,286"/>
						<line number="286" hits="0"/>
						<line number="287" hits="0"/>
						<line number="294" hits="0"/>
						<line number="296" hits="1"/>
						<line number="298" hits="0"/>
						<line number="300" hits="0" branch="true" condition-coverage="0% (0/2)" missing-branches="301,311"/>
						<line number="301" hits="0" branch="true" condition-coverage="0% (0/2)" missing-branches="302,311"/>
						<line number="302" hits="0"/>
						<line number="311" hits="0"/>
						<line number="313" hits="1"/>
						<line number="315" hits="0"/>
						<line number="317" hits="0" branch="true" condition-coverage="0% (0/2)" missing-branches="318,324"/>
						<line number="318" hits="0"/>
						<line number="324" hits="0" branch="true" condition-coverage="0% (0/2)" missing-branches="325,331"/>
						<line number="325" hits="0"/>
						<line number="331" hits="0"/>
					</lines>
				</class>
			</classes>
		</package>
		<package name="adapters.interpreters" line-rate="0.2879" branch-rate="0.1389" complexity="0">
			<classes>
				<class name="__init__.py" filename="adapters/interpreters/__init__.py" complexity="0" line-rate="1" branch-rate="1">
					<methods/>
					<lines>
						<line number="6" hits="1"/>
						<line number="8" hits="1"/>
					</lines>
				</class>
				<class name="rule_based_interpreter.py" filename="adapters/interpreters/rule_based_interpreter.py" complexity="0" line-rate="0.2769" branch-rate="0.1389">
					<methods/>
					<lines>
						<line number="6" hits="1"/>
						<line number="7" hits="1"/>
						<line number="8" hits="1"/>
						<line number="10" hits="1"/>
						<line number="11" hits="1"/>
						<line number="12" hits="1"/>
						<line number="13" hits="1"/>
						<line number="14" hits="1"/>
						<line number="17" hits="1"/>
						<line number="25" hits="1"/>
						<line number="27" hits="1"/>
						<line number="34" hits="1" branch="true" condition-coverage="50% (1/2)" missing-branches="35"/>
						<line number="35" hits="0"/>
						<line number="37" hits="1"/>
						<line number="39" hits="1"/>
						<line number="40" hits="1"/>
						<line number="42" hits="1"/>
						<line number="44" hits="1" branch="true" condition-coverage="100% (2/2)"/>
						<line number="45" hits="1"/>
						<line number="46" hits="1" branch="true" condition-coverage="100% (2/2)"/>
						<line number="47" hits="1"/>
						<line number="48" hits="1"/>
						<line number="51" hits="1"/>
						<line number="53" hits="1"/>
						<line number="55" hits="1"/>
						<line number="65" hits="1"/>
						<line number="72" hits="0" branch="true" condition-coverage="0% (0/2)" missing-branches="73,75"/>
						<line number="73" hits="0"/>
						<line number="75" hits="0"/>
						<line number="76" hits="0"/>
						<line number="77" hits="0"/>
						<line number="80" hits="0" branch="true" condition-coverage="0% (0/2)" missing-branches="81,100"/>
						<line number="81" hits="0"/>
						<line number="82" hits="0"/>
						<line number="83" hits="0"/>
						<line number="86" hits="0"/>
						<line number="87" hits="0"/>
						<line number="93" hits="0"/>
						<line number="94" hits="0"/>
						<line number="100" hits="0"/>
						<line number="101" hits="0" branch="true" condition-coverage="0% (0/2)" missing-branches="102,109"/>
						<line number="102" hits="0"/>
						<line number="103" hits="0"/>
						<line number="107" hits="0"/>
						<line number="109" hits="0"/>
						<line number="112" hits="0"/>
						<line number="113" hits="0"/>
						<line number="119" hits="0"/>
						<line number="125" hits="0"/>
						<line number="127" hits="0"/>
						<line number="128" hits="0"/>
						<line number="130" hits="1"/>
						<line number="137" hits="0" branch="true" condition-coverage="0% (0/2)" missing-branches="138,140"/>
						<line number="138" hits="0"/>
						<line number="140" hits="0"/>
						<line number="141" hits="0"/>
						<line number="143" hits="0"/>
						<line number="148" hits="1"/>
						<line number="155" hits="0" branch="true" condition-coverage="0% (0/2)" missing-branches="156,158"/>
						<line number="156" hits="0"/>
						<line number="158" hits="0"/>
						<line number="159" hits="0"/>
						<line number="161" hits="0"/>
						<line number="166" hits="1"/>
						<line number="174" hits="0" branch="true" condition-coverage="0% (0/2)" missing-branches="175,177"/>
						<line number="175" hits="0"/>
						<line number="177" hits="0"/>
						<line number="178" hits="0"/>
						<line number="180" hits="0"/>
						<line number="185" hits="1"/>
						<line number="193" hits="0" branch="true" condition-coverage="0% (0/2)" missing-branches="194,196"/>
						<line number="194" hits="0"/>
						<line number="196" hits="0"/>
						<line number="197" hits="0"/>
						<line number="199" hits="0"/>
						<line number="205" hits="0" branch="true" condition-coverage="0% (0/2)" missing-branches="206,212"/>
						<line number="206" hits="0"/>
						<line number="207" hits="0" branch="true" condition-coverage="0% (0/2)" missing-branches="208,210"/>
						<line number="208" hits="0"/>
						<line number="210" hits="0"/>
						<line number="212" hits="0"/>
						<line number="214" hits="1"/>
						<line number="221" hits="0" branch="true" condition-coverage="0% (0/2)" missing-branches="222,224"/>
						<line number="222" hits="0"/>
						<line number="224" hits="0"/>
						<line number="225" hits="0"/>
						<line number="226" hits="0"/>
						<line number="229" hits="0" branch="true" condition-coverage="0% (0/2)" missing-branches="230,237"/>
						<line number="230" hits="0"/>
						<line number="231" hits="0"/>
						<line number="237" hits="0"/>
						<line number="243" hits="0"/>
						<line number="245" hits="0"/>
						<line number="246" hits="0"/>
						<line number="248" hits="1"/>
						<line number="255" hits="0" branch="true" condition-coverage="0% (0/2)" missing-branches="256,258"/>
						<line number="256" hits="0"/>
						<line number="258" hits="0"/>
						<line number="259" hits="0"/>
						<line number="260" hits="0"/>
						<line number="263" hits="0" branch="true" condition-coverage="0% (0/2)" missing-branches="264,274"/>
						<line number="264" hits="0"/>
						<line number="265" hits="0"/>
						<line number="267" hits="0"/>
						<line number="268" hits="0"/>
						<line number="274" hits="0"/>
						<line number="280" hits="0"/>
						<line number="282" hits="0"/>
						<line number="283" hits="0"/>
						<line number="285" hits="1"/>
						<line number="287" hits="0"/>
						<line number="289" hits="1"/>
						<line number="291" hits="0"/>
						<line number="297" hits="1"/>
						<line number="305" hits="0"/>
						<line number="306" hits="0"/>
						<line number="308" hits="0" branch="true" condition-coverage="0% (0/2)" missing-branches="309,310"/>
						<line number="309" hits="0"/>
						<line number="310" hits="0" branch="true" condition-coverage="0% (0/2)" missing-branches="311,314"/>
						<line number="311" hits="0"/>
						<line number="312" hits="0"/>
						<line number="314" hits="0"/>
						<line number="316" hits="1"/>
						<line number="323" hits="0"/>
						<line number="324" hits="0"/>
						<line number="326" hits="0"/>
						<line number="328" hits="1"/>
						<line number="335" hits="0"/>
						<line number="336" hits="0"/>
						<line number="338" hits="0"/>
					</lines>
				</class>
			</classes>
		</package>
		<package name="adapters.repositories.sqlalchemy" line-rate="0.4618" branch-rate="0.1154" complexity="0">
			<classes>
				<class name="__init__.py" filename="adapters/repositories/sqlalchemy/__init__.py" complexity="0" line-rate="1" branch-rate="1">
					<methods/>
					<lines>
						<line number="6" hits="1"/>
						<line number="7" hits="1"/>
						<line number="8" hits="1"/>
						<line number="13" hits="1"/>
						<line number="14" hits="1"/>
						<line number="27" hits="1"/>
					</lines>
				</class>
				<class name="audit_repository.py" filename="adapters/repositories/sqlalchemy/audit_repository.py" complexity="0" line-rate="0.4286" branch-rate="0">
					<methods/>
					<lines>
						<line number="6" hits="1"/>
						<line number="7" hits="1"/>
						<line number="8" hits="1"/>
						<line number="10" hits="1"/>
						<line number="11" hits="1"/>
						<line number="13" hits="1"/>
						<line number="14" hits="1"/>
						<line number="15" hits="1"/>
						<line number="18" hits="1"/>
						<line number="21" hits="1"/>
						<line number="22" hits="0"/>
						<line number="24" hits="1"/>
						<line number="26" hits="0"/>
						<line number="27" hits="0"/>
						<line number="38" hits="0"/>
						<line number="39" hits="0"/>
						<line number="40" hits="0"/>
						<line number="42" hits="0"/>
						<line number="44" hits="0"/>
						<line number="45" hits="0"/>
						<line number="46" hits="0"/>
						<line number="48" hits="1"/>
						<line number="55" hits="0"/>
						<line number="63" hits="0"/>
						<line number="65" hits="1"/>
						<line number="72" hits="0"/>
						<line number="80" hits="0"/>
						<line number="82" hits="1"/>
						<line number="90" hits="0"/>
						<line number="98" hits="0"/>
						<line number="100" hits="1"/>
						<line number="109" hits="0"/>
						<line number="114" hits="0" branch="true" condition-coverage="0% (0/2)" missing-branches="115,117"/>
						<line number="115" hits="0"/>
						<line number="117" hits="0"/>
						<line number="124" hits="0"/>
						<line number="126" hits="1"/>
						<line number="128" hits="0"/>
						<line number="130" hits="1"/>
						<line number="132" hits="0"/>
						<line number="134" hits="1"/>
						<line number="136" hits="0"/>
					</lines>
				</class>
				<class name="chart_repository.py" filename="adapters/repositories/sqlalchemy/chart_repository.py" complexity="0" line-rate="0.2778" branch-rate="0">
					<methods/>
					<lines>
						<line number="6" hits="1"/>
						<line number="7" hits="1"/>
						<line number="8" hits="1"/>
						<line number="10" hits="1"/>
						<line number="11" hits="1"/>
						<line number="13" hits="1"/>
						<line number="14" hits="1"/>
						<line number="15" hits="1"/>
						<line number="16" hits="1"/>
						<line number="17" hits="1"/>
						<line number="22" hits="1"/>
						<line number="27" hits="1"/>
						<line number="41" hits="1"/>
						<line number="44" hits="1"/>
						<line number="45" hits="1"/>
						<line number="47" hits="1"/>
						<line number="49" hits="0"/>
						<line number="50" hits="0"/>
						<line number="52" hits="0" branch="true" condition-coverage="0% (0/2)" missing-branches="54,64"/>
						<line number="54" hits="0"/>
						<line number="55" hits="0"/>
						<line number="56" hits="0"/>
						<line number="57" hits="0"/>
						<line number="58" hits="0"/>
						<line number="59" hits="0"/>
						<line number="60" hits="0"/>
						<line number="61" hits="0"/>
						<line number="64" hits="0"/>
						<line number="65" hits="0"/>
						<line number="67" hits="0"/>
						<line number="68" hits="0"/>
						<line number="70" hits="0"/>
						<line number="72" hits="0"/>
						<line number="73" hits="0"/>
						<line number="74" hits="0"/>
						<line number="76" hits="1"/>
						<line number="78" hits="0"/>
						<line number="79" hits="0"/>
						<line number="81" hits="1"/>
						<line number="88" hits="1"/>
						<line number="96" hits="1"/>
						<line number="98" hits="1"/>
						<line number="100" hits="0"/>
						<line number="106" hits="0"/>
						<line number="108" hits="1"/>
						<line number="110" hits="0"/>
						<line number="111" hits="0" branch="true" condition-coverage="0% (0/2)" missing-branches="112,114"/>
						<line number="112" hits="0"/>
						<line number="114" hits="0"/>
						<line number="115" hits="0"/>
						<line number="116" hits="0"/>
						<line number="118" hits="1"/>
						<line number="120" hits="0"/>
						<line number="127" hits="1"/>
						<line number="130" hits="1"/>
						<line number="131" hits="0"/>
						<line number="133" hits="1"/>
						<line number="135" hits="0"/>
						<line number="136" hits="0"/>
						<line number="138" hits="0" branch="true" condition-coverage="0% (0/2)" missing-branches="140,149"/>
						<line number="140" hits="0"/>
						<line number="141" hits="0"/>
						<line number="142" hits="0"/>
						<line number="143" hits="0"/>
						<line number="144" hits="0"/>
						<line number="145" hits="0"/>
						<line number="146" hits="0"/>
						<line number="149" hits="0"/>
						<line number="150" hits="0"/>
						<line number="152" hits="0"/>
						<line number="153" hits="0"/>
						<line number="155" hits="0"/>
						<line number="157" hits="0"/>
						<line number="158" hits="0"/>
						<line number="159" hits="0"/>
						<line number="161" hits="1"/>
						<line number="163" hits="0"/>
						<line number="164" hits="0"/>
						<line number="166" hits="1"/>
						<line number="173" hits="0"/>
						<line number="181" hits="0"/>
						<line number="183" hits="1"/>
						<line number="190" hits="0"/>
						<line number="198" hits="0"/>
						<line number="200" hits="1"/>
						<line number="206" hits="0"/>
						<line number="212" hits="0"/>
						<line number="214" hits="1"/>
						<line number="216" hits="0"/>
						<line number="217" hits="0" branch="true" condition-coverage="0% (0/2)" missing-branches="218,220"/>
						<line number="218" hits="0"/>
						<line number="220" hits="0"/>
						<line number="221" hits="0"/>
						<line number="222" hits="0"/>
						<line number="224" hits="1"/>
						<line number="226" hits="0"/>
						<line number="233" hits="1"/>
						<line number="236" hits="1"/>
						<line number="237" hits="0"/>
						<line number="239" hits="1"/>
						<line number="241" hits="0"/>
						<line number="242" hits="0"/>
						<line number="244" hits="0" branch="true" condition-coverage="0% (0/2)" missing-branches="246,263"/>
						<line number="246" hits="0"/>
						<line number="247" hits="0"/>
						<line number="248" hits="0"/>
						<line number="249" hits="0"/>
						<line number="250" hits="0"/>
						<line number="251" hits="0"/>
						<line number="252" hits="0"/>
						<line number="253" hits="0"/>
						<line number="254" hits="0"/>
						<line number="255" hits="0"/>
						<line number="256" hits="0"/>
						<line number="257" hits="0"/>
						<line number="258" hits="0"/>
						<line number="259" hits="0"/>
						<line number="260" hits="0"/>
						<line number="263" hits="0"/>
						<line number="264" hits="0"/>
						<line number="266" hits="0"/>
						<line number="267" hits="0"/>
						<line number="269" hits="0"/>
						<line number="271" hits="0"/>
						<line number="272" hits="0"/>
						<line number="273" hits="0"/>
						<line number="275" hits="1"/>
						<line number="277" hits="0"/>
						<line number="278" hits="0"/>
						<line number="280" hits="1"/>
						<line number="287" hits="0"/>
						<line number="295" hits="0"/>
						<line number="297" hits="1"/>
						<line number="303" hits="0"/>
						<line number="308" hits="0"/>
						<line number="310" hits="1"/>
						<line number="312" hits="0"/>
						<line number="313" hits="0" branch="true" condition-coverage="0% (0/2)" missing-branches="314,316"/>
						<line number="314" hits="0"/>
						<line number="316" hits="0"/>
						<line number="317" hits="0"/>
						<line number="318" hits="0"/>
						<line number="320" hits="1"/>
						<line number="322" hits="0"/>
					</lines>
				</class>
				<class name="client_repository.py" filename="adapters/repositories/sqlalchemy/client_repository.py" complexity="0" line-rate="0.5797" branch-rate="0.3333">
					<methods/>
					<lines>
						<line number="6" hits="1"/>
						<line number="7" hits="1"/>
						<line number="9" hits="1"/>
						<line number="10" hits="1"/>
						<line number="11" hits="1"/>
						<line number="13" hits="1"/>
						<line number="14" hits="1"/>
						<line number="15" hits="1"/>
						<line number="16" hits="1"/>
						<line number="17" hits="1"/>
						<line number="20" hits="1"/>
						<line number="23" hits="1"/>
						<line number="24" hits="1"/>
						<line number="26" hits="1"/>
						<line number="28" hits="1"/>
						<line number="30" hits="1"/>
						<line number="32" hits="1" branch="true" condition-coverage="50% (1/2)" missing-branches="34"/>
						<line number="34" hits="0"/>
						<line number="35" hits="0"/>
						<line number="36" hits="0"/>
						<line number="37" hits="0"/>
						<line number="38" hits="0"/>
						<line number="39" hits="0"/>
						<line number="40" hits="0"/>
						<line number="41" hits="0"/>
						<line number="42" hits="0"/>
						<line number="43" hits="0"/>
						<line number="44" hits="0"/>
						<line number="45" hits="0"/>
						<line number="46" hits="0"/>
						<line number="47" hits="0"/>
						<line number="50" hits="1"/>
						<line number="51" hits="1"/>
						<line number="53" hits="1"/>
						<line number="54" hits="1"/>
						<line number="56" hits="1"/>
						<line number="58" hits="0"/>
						<line number="59" hits="0"/>
						<line number="60" hits="0"/>
						<line number="62" hits="1"/>
						<line number="64" hits="1"/>
						<line number="65" hits="1"/>
						<line number="67" hits="1"/>
						<line number="69" hits="0"/>
						<line number="75" hits="0"/>
						<line number="77" hits="1"/>
						<line number="84" hits="1"/>
						<line number="91" hits="1"/>
						<line number="93" hits="1"/>
						<line number="95" hits="0"/>
						<line number="96" hits="0"/>
						<line number="98" hits="1"/>
						<line number="106" hits="1"/>
						<line number="114" hits="1" branch="true" condition-coverage="50% (1/2)" missing-branches="117"/>
						<line number="115" hits="1"/>
						<line number="117" hits="1"/>
						<line number="118" hits="1"/>
						<line number="120" hits="1"/>
						<line number="122" hits="0"/>
						<line number="123" hits="0" branch="true" condition-coverage="0% (0/2)" missing-branches="124,126"/>
						<line number="124" hits="0"/>
						<line number="126" hits="0"/>
						<line number="127" hits="0"/>
						<line number="128" hits="0"/>
						<line number="130" hits="1"/>
						<line number="132" hits="1"/>
						<line number="134" hits="1"/>
						<line number="136" hits="0"/>
						<line number="137" hits="0"/>
					</lines>
				</class>
				<class name="mappers.py" filename="adapters/repositories/sqlalchemy/mappers.py" complexity="0" line-rate="0.7931" branch-rate="1">
					<methods/>
					<lines>
						<line number="7" hits="1"/>
						<line number="9" hits="1"/>
						<line number="10" hits="1"/>
						<line number="11" hits="1"/>
						<line number="12" hits="1"/>
						<line number="13" hits="1"/>
						<line number="14" hits="1"/>
						<line number="15" hits="1"/>
						<line number="28" hits="1"/>
						<line number="30" hits="1"/>
						<line number="44" hits="1"/>
						<line number="46" hits="1"/>
						<line number="64" hits="1"/>
						<line number="66" hits="1"/>
						<line number="85" hits="1"/>
						<line number="87" hits="1"/>
						<line number="96" hits="1"/>
						<line number="114" hits="1"/>
						<line number="116" hits="0"/>
						<line number="131" hits="1"/>
						<line number="133" hits="0"/>
						<line number="152" hits="1"/>
						<line number="154" hits="0"/>
						<line number="169" hits="1"/>
						<line number="171" hits="0"/>
						<line number="190" hits="1"/>
						<line number="192" hits="0"/>
						<line number="215" hits="1"/>
						<line number="217" hits="0"/>
					</lines>
				</class>
				<class name="user_repository.py" filename="adapters/repositories/sqlalchemy/user_repository.py" complexity="0" line-rate="0.5714" branch-rate="0.1667">
					<methods/>
					<lines>
						<line number="6" hits="1"/>
						<line number="7" hits="1"/>
						<line number="9" hits="1"/>
						<line number="10" hits="1"/>
						<line number="12" hits="1"/>
						<line number="13" hits="1"/>
						<line number="14" hits="1"/>
						<line number="15" hits="1"/>
						<line number="16" hits="1"/>
						<line number="19" hits="1"/>
						<line number="22" hits="1"/>
						<line number="23" hits="1"/>
						<line number="25" hits="1"/>
						<line number="27" hits="1"/>
						<line number="29" hits="1"/>
						<line number="31" hits="1" branch="true" condition-coverage="50% (1/2)" missing-branches="33"/>
						<line number="33" hits="0"/>
						<line number="34" hits="0"/>
						<line number="35" hits="0"/>
						<line number="36" hits="0"/>
						<line number="37" hits="0"/>
						<line number="38" hits="0"/>
						<line number="39" hits="0"/>
						<line number="40" hits="0"/>
						<line number="41" hits="0"/>
						<line number="44" hits="1"/>
						<line number="45" hits="1"/>
						<line number="47" hits="1"/>
						<line number="48" hits="1"/>
						<line number="50" hits="1"/>
						<line number="52" hits="0"/>
						<line number="53" hits="0"/>
						<line number="54" hits="0" branch="true" condition-coverage="0% (0/2)" missing-branches="55,56"/>
						<line number="55" hits="0"/>
						<line number="56" hits="0"/>
						<line number="58" hits="1"/>
						<line number="60" hits="1"/>
						<line number="61" hits="1"/>
						<line number="63" hits="1"/>
						<line number="65" hits="1"/>
						<line number="66" hits="1"/>
						<line number="68" hits="1"/>
						<line number="70" hits="0"/>
						<line number="76" hits="0"/>
						<line number="78" hits="1"/>
						<line number="80" hits="0"/>
						<line number="87" hits="0"/>
						<line number="89" hits="1"/>
						<line number="91" hits="0"/>
						<line number="93" hits="1"/>
						<line number="95" hits="0"/>
						<line number="96" hits="0" branch="true" condition-coverage="0% (0/2)" missing-branches="97,99"/>
						<line number="97" hits="0"/>
						<line number="99" hits="0"/>
						<line number="100" hits="0"/>
						<line number="101" hits="0"/>
						<line number="103" hits="1"/>
						<line number="105" hits="1"/>
						<line number="106" hits="1"/>
						<line number="108" hits="1"/>
						<line number="110" hits="0"/>
						<line number="112" hits="1"/>
						<line number="114" hits="0"/>
					</lines>
				</class>
			</classes>
		</package>
		<package name="adapters.storage" line-rate="0.2619" branch-rate="0" complexity="0">
			<classes>
				<class name="__init__.py" filename="adapters/storage/__init__.py" complexity="0" line-rate="1" branch-rate="1">
					<methods/>
					<lines>
						<line number="6" hits="1"/>
						<line number="8" hits="1"/>
					</lines>
				</class>
				<class name="local_file_storage.py" filename="adapters/storage/local_file_storage.py" complexity="0" line-rate="0.2439" branch-rate="0">
					<methods/>
					<lines>
						<line number="6" hits="1"/>
						<line number="7" hits="1"/>
						<line number="8" hits="1"/>
						<line number="10" hits="1"/>
						<line number="11" hits="1"/>
						<line number="12" hits="1"/>
						<line number="14" hits="1"/>
						<line number="17" hits="1"/>
						<line number="24" hits="1"/>
						<line number="31" hits="0"/>
						<line number="32" hits="0"/>
						<line number="34" hits="1"/>
						<line number="36" hits="0"/>
						<line number="37" hits="0"/>
						<line number="38" hits="0"/>
						<line number="39" hits="0"/>
						<line number="40" hits="0"/>
						<line number="41" hits="0"/>
						<line number="43" hits="1"/>
						<line number="45" hits="0"/>
						<line number="46" hits="0"/>
						<line number="47" hits="0"/>
						<line number="50" hits="0"/>
						<line number="53" hits="0"/>
						<line number="55" hits="0"/>
						<line number="56" hits="0"/>
						<line number="58" hits="1"/>
						<line number="60" hits="0"/>
						<line number="61" hits="0"/>
						<line number="62" hits="0"/>
						<line number="65" hits="0"/>
						<line number="68" hits="0"/>
						<line number="70" hits="0"/>
						<line number="71" hits="0"/>
						<line number="73" hits="1"/>
						<line number="75" hits="0"/>
						<line number="76" hits="0"/>
						<line number="78" hits="0" branch="true" condition-coverage="0% (0/2)" missing-branches="79,81"/>
						<line number="79" hits="0"/>
						<line number="81" hits="0"/>
						<line number="83" hits="0"/>
						<line number="84" hits="0"/>
						<line number="86" hits="1"/>
						<line number="88" hits="0"/>
						<line number="89" hits="0"/>
						<line number="91" hits="0" branch="true" condition-coverage="0% (0/2)" missing-branches="92,94"/>
						<line number="92" hits="0"/>
						<line number="94" hits="0"/>
						<line number="96" hits="0"/>
						<line number="97" hits="0"/>
						<line number="99" hits="1"/>
						<line number="101" hits="0"/>
						<line number="102" hits="0"/>
						<line number="104" hits="0" branch="true" condition-coverage="0% (0/2)" missing-branches="105,107"/>
						<line number="105" hits="0"/>
						<line number="107" hits="0"/>
						<line number="108" hits="0"/>
						<line number="110" hits="0"/>
						<line number="111" hits="0"/>
						<line number="113" hits="1"/>
						<line number="115" hits="0"/>
						<line number="116" hits="0"/>
						<line number="118" hits="0" branch="true" condition-coverage="0% (0/2)" missing-branches="119,121"/>
						<line number="119" hits="0"/>
						<line number="121" hits="0"/>
						<line number="122" hits="0"/>
						<line number="124" hits="0"/>
						<line number="125" hits="0"/>
						<line number="127" hits="1"/>
						<line number="129" hits="0"/>
						<line number="130" hits="0"/>
						<line number="132" hits="1"/>
						<line number="134" hits="0"/>
						<line number="135" hits="0"/>
						<line number="137" hits="1"/>
						<line number="139" hits="0" branch="true" condition-coverage="0% (0/2)" missing-branches="140,144"/>
						<line number="140" hits="0"/>
						<line number="144" hits="0"/>
						<line number="146" hits="1"/>
						<line number="148" hits="0" branch="true" condition-coverage="0% (0/2)" missing-branches="149,153"/>
						<line number="149" hits="0"/>
						<line number="153" hits="0"/>
					</lines>
				</class>
			</classes>
		</package>
		<package name="application.dtos" line-rate="0.9828" branch-rate="1" complexity="0">
			<classes>
				<class name="__init__.py" filename="application/dtos/__init__.py" complexity="0" line-rate="1" branch-rate="1">
					<methods/>
					<lines>
						<line number="6" hits="1"/>
						<line number="13" hits="1"/>
						<line number="21" hits="1"/>
						<line number="30" hits="1"/>
					</lines>
				</class>
				<class name="auth_dtos.py" filename="application/dtos/auth_dtos.py" complexity="0" line-rate="1" branch-rate="1">
					<methods/>
					<lines>
						<line number="6" hits="1"/>
						<line number="7" hits="1"/>
						<line number="8" hits="1"/>
						<line number="10" hits="1"/>
						<line number="17" hits="1"/>
						<line number="19" hits="1"/>
						<line number="20" hits="1"/>
						<line number="23" hits="1"/>
						<line number="25" hits="1"/>
						<line number="26" hits="1"/>
						<line number="27" hits="1"/>
						<line number="28" hits="1"/>
						<line number="31" hits="1"/>
						<line number="33" hits="1"/>
						<line number="36" hits="1"/>
						<line number="38" hits="1"/>
						<line number="39" hits="1"/>
						<line number="40" hits="1"/>
						<line number="47" hits="1"/>
						<line number="49" hits="1"/>
						<line number="50" hits="1"/>
						<line number="51" hits="1"/>
						<line number="52" hits="1"/>
						<line number="55" hits="1"/>
						<line number="57" hits="1"/>
						<line number="58" hits="1"/>
						<line number="59" hits="1"/>
						<line number="60" hits="1"/>
						<line number="61" hits="1"/>
						<line number="62" hits="1"/>
						<line number="63" hits="1"/>
						<line number="65" hits="1"/>
						<line number="66" hits="1"/>
						<line number="68" hits="1"/>
					</lines>
				</class>
				<class name="chart_dtos.py" filename="application/dtos/chart_dtos.py" complexity="0" line-rate="0.963" branch-rate="1">
					<methods/>
					<lines>
						<line number="6" hits="1"/>
						<line number="7" hits="1"/>
						<line number="8" hits="1"/>
						<line number="15" hits="1"/>
						<line number="16" hits="1"/>
						<line number="18" hits="1"/>
						<line number="19" hits="1"/>
						<line number="20" hits="1"/>
						<line number="21" hits="1"/>
						<line number="22" hits="1"/>
						<line number="23" hits="1"/>
						<line number="26" hits="1"/>
						<line number="27" hits="1"/>
						<line number="29" hits="1"/>
						<line number="30" hits="1"/>
						<line number="31" hits="1"/>
						<line number="32" hits="1"/>
						<line number="35" hits="1"/>
						<line number="36" hits="1"/>
						<line number="38" hits="1"/>
						<line number="39" hits="1"/>
						<line number="40" hits="1"/>
						<line number="41" hits="1"/>
						<line number="42" hits="1"/>
						<line number="43" hits="1"/>
						<line number="44" hits="1"/>
						<line number="45" hits="1"/>
						<line number="52" hits="1"/>
						<line number="53" hits="1"/>
						<line number="55" hits="1"/>
						<line number="56" hits="1"/>
						<line number="57" hits="1"/>
						<line number="58" hits="1"/>
						<line number="59" hits="1"/>
						<line number="60" hits="1"/>
						<line number="61" hits="1"/>
						<line number="62" hits="1"/>
						<line number="63" hits="1"/>
						<line number="64" hits="1"/>
						<line number="65" hits="1"/>
						<line number="66" hits="1"/>
						<line number="67" hits="1"/>
						<line number="68" hits="1"/>
						<line number="70" hits="1"/>
						<line number="71" hits="1"/>
						<line number="73" hits="0"/>
						<line number="91" hits="1"/>
						<line number="92" hits="1"/>
						<line number="94" hits="1"/>
						<line number="95" hits="1"/>
						<line number="96" hits="1"/>
						<line number="97" hits="1"/>
						<line number="98" hits="1"/>
						<line number="99" hits="1"/>
						<line number="100" hits="1"/>
						<line number="101" hits="1"/>
						<line number="103" hits="1"/>
						<line number="104" hits="1"/>
						<line number="106" hits="0"/>
						<line number="118" hits="1"/>
						<line number="119" hits="1"/>
						<line number="121" hits="1"/>
						<line number="122" hits="1"/>
						<line number="123" hits="1"/>
						<line number="124" hits="1"/>
						<line number="125" hits="1"/>
						<line number="126" hits="1"/>
						<line number="127" hits="1"/>
						<line number="128" hits="1"/>
						<line number="129" hits="1"/>
						<line number="130" hits="1"/>
						<line number="131" hits="1"/>
						<line number="132" hits="1"/>
						<line number="133" hits="1"/>
						<line number="134" hits="1"/>
						<line number="135" hits="1"/>
						<line number="136" hits="1"/>
						<line number="137" hits="1"/>
						<line number="139" hits="1"/>
						<line number="140" hits="1"/>
						<line number="142" hits="0"/>
					</lines>
				</class>
				<class name="client_dtos.py" filename="application/dtos/client_dtos.py" complexity="0" line-rate="1" branch-rate="1">
					<methods/>
					<lines>
						<line number="6" hits="1"/>
						<line number="7" hits="1"/>
						<line number="8" hits="1"/>
						<line number="15" hits="1"/>
						<line number="16" hits="1"/>
						<line number="18" hits="1"/>
						<line number="19" hits="1"/>
						<line number="20" hits="1"/>
						<line number="21" hits="1"/>
						<line number="22" hits="1"/>
						<line number="23" hits="1"/>
						<line number="26" hits="1"/>
						<line number="27" hits="1"/>
						<line number="29" hits="1"/>
						<line number="30" hits="1"/>
						<line number="31" hits="1"/>
						<line number="32" hits="1"/>
						<line number="33" hits="1"/>
						<line number="36" hits="1"/>
						<line number="37" hits="1"/>
						<line number="39" hits="1"/>
						<line number="40" hits="1"/>
						<line number="41" hits="1"/>
						<line number="42" hits="1"/>
						<line number="43" hits="1"/>
						<line number="46" hits="1"/>
						<line number="47" hits="1"/>
						<line number="49" hits="1"/>
						<line number="50" hits="1"/>
						<line number="51" hits="1"/>
						<line number="58" hits="1"/>
						<line number="59" hits="1"/>
						<line number="61" hits="1"/>
						<line number="62" hits="1"/>
						<line number="63" hits="1"/>
						<line number="64" hits="1"/>
						<line number="65" hits="1"/>
						<line number="66" hits="1"/>
						<line number="67" hits="1"/>
						<line number="68" hits="1"/>
						<line number="69" hits="1"/>
						<line number="70" hits="1"/>
						<line number="71" hits="1"/>
						<line number="72" hits="1"/>
						<line number="73" hits="1"/>
						<line number="74" hits="1"/>
						<line number="76" hits="1"/>
						<line number="77" hits="1"/>
						<line number="79" hits="1"/>
						<line number="97" hits="1"/>
						<line number="98" hits="1"/>
						<line number="100" hits="1"/>
						<line number="101" hits="1"/>
						<line number="102" hits="1"/>
						<line number="103" hits="1"/>
					</lines>
				</class>
			</classes>
		</package>
		<package name="application.services" line-rate="0.96" branch-rate="0.8333" complexity="0">
			<classes>
				<class name="__init__.py" filename="application/services/__init__.py" complexity="0" line-rate="1" branch-rate="1">
					<methods/>
					<lines>
						<line number="6" hits="1"/>
						<line number="7" hits="1"/>
						<line number="9" hits="1"/>
					</lines>
				</class>
				<class name="password_service.py" filename="application/services/password_service.py" complexity="0" line-rate="1" branch-rate="1">
					<methods/>
					<lines>
						<line number="6" hits="1"/>
						<line number="9" hits="1"/>
						<line number="12" hits="1"/>
						<line number="13" hits="1"/>
						<line number="15" hits="1"/>
						<line number="25" hits="1"/>
						<line number="27" hits="1"/>
						<line number="38" hits="1"/>
					</lines>
				</class>
				<class name="token_service.py" filename="application/services/token_service.py" complexity="0" line-rate="0.9487" branch-rate="0.8333">
					<methods/>
					<lines>
						<line number="6" hits="1"/>
						<line number="7" hits="1"/>
						<line number="8" hits="1"/>
						<line number="10" hits="1"/>
						<line number="12" hits="1"/>
						<line number="13" hits="1"/>
						<line number="15" hits="1"/>
						<line number="18" hits="1"/>
						<line number="21" hits="1"/>
						<line number="22" hits="1"/>
						<line number="23" hits="1"/>
						<line number="24" hits="1"/>
						<line number="25" hits="1"/>
						<line number="27" hits="1"/>
						<line number="38" hits="1"/>
						<line number="40" hits="1"/>
						<line number="46" hits="1" branch="true" condition-coverage="50% (1/2)" missing-branches="49"/>
						<line number="47" hits="1"/>
						<line number="49" hits="1"/>
						<line number="51" hits="1"/>
						<line number="61" hits="1"/>
						<line number="63" hits="1"/>
						<line number="69" hits="1"/>
						<line number="71" hits="1"/>
						<line number="85" hits="1"/>
						<line number="86" hits="1"/>
						<line number="89" hits="1" branch="true" condition-coverage="100% (2/2)"/>
						<line number="90" hits="1"/>
						<line number="93" hits="1"/>
						<line number="94" hits="1" branch="true" condition-coverage="100% (2/2)"/>
						<line number="95" hits="1"/>
						<line number="97" hits="1"/>
						<line number="99" hits="1"/>
						<line number="100" hits="1"/>
						<line number="102" hits="1"/>
						<line number="112" hits="1"/>
						<line number="113" hits="1"/>
						<line number="114" hits="0"/>
						<line number="115" hits="0"/>
					</lines>
				</class>
			</classes>
		</package>
		<package name="application.use_cases.auth" line-rate="1" branch-rate="1" complexity="0">
			<classes>
				<class name="__init__.py" filename="application/use_cases/auth/__init__.py" complexity="0" line-rate="1" branch-rate="1">
					<methods/>
					<lines>
						<line number="6" hits="1"/>
						<line number="7" hits="1"/>
						<line number="8" hits="1"/>
						<line number="10" hits="1"/>
					</lines>
				</class>
				<class name="login_use_case.py" filename="application/use_cases/auth/login_use_case.py" complexity="0" line-rate="1" branch-rate="1">
					<methods/>
					<lines>
						<line number="6" hits="1"/>
						<line number="7" hits="1"/>
						<line number="8" hits="1"/>
						<line number="9" hits="1"/>
						<line number="10" hits="1"/>
						<line number="13" hits="1"/>
						<line number="20" hits="1"/>
						<line number="26" hits="1"/>
						<line number="27" hits="1"/>
						<line number="28" hits="1"/>
						<line number="30" hits="1"/>
						<line number="44" hits="1"/>
						<line number="46" hits="1" branch="true" condition-coverage="100% (2/2)"/>
						<line number="47" hits="1"/>
						<line number="50" hits="1" branch="true" condition-coverage="100% (2/2)"/>
						<line number="51" hits="1"/>
						<line number="54" hits="1" branch="true" condition-coverage="100% (2/2)"/>
						<line number="55" hits="1"/>
						<line number="58" hits="1"/>
						<line number="62" hits="1"/>
						<line number="64" hits="1"/>
						<line number="71" hits="1"/>
						<line number="73" hits="1"/>
					</lines>
				</class>
				<class name="refresh_token_use_case.py" filename="application/use_cases/auth/refresh_token_use_case.py" complexity="0" line-rate="1" branch-rate="1">
					<methods/>
					<lines>
						<line number="6" hits="1"/>
						<line number="7" hits="1"/>
						<line number="8" hits="1"/>
						<line number="9" hits="1"/>
						<line number="12" hits="1"/>
						<line number="19" hits="1"/>
						<line number="24" hits="1"/>
						<line number="25" hits="1"/>
						<line number="27" hits="1"/>
						<line number="42" hits="1"/>
						<line number="45" hits="1"/>
						<line number="47" hits="1" branch="true" condition-coverage="100% (2/2)"/>
						<line number="48" hits="1"/>
						<line number="50" hits="1" branch="true" condition-coverage="100% (2/2)"/>
						<line number="51" hits="1"/>
						<line number="54" hits="1"/>
						<line number="58" hits="1"/>
						<line number="60" hits="1"/>
					</lines>
				</class>
				<class name="register_user_use_case.py" filename="application/use_cases/auth/register_user_use_case.py" complexity="0" line-rate="1" branch-rate="1">
					<methods/>
					<lines>
						<line number="6" hits="1"/>
						<line number="7" hits="1"/>
						<line number="8" hits="1"/>
						<line number="9" hits="1"/>
						<line number="10" hits="1"/>
						<line number="13" hits="1"/>
						<line number="20" hits="1"/>
						<line number="25" hits="1"/>
						<line number="26" hits="1"/>
						<line number="28" hits="1"/>
						<line number="42" hits="1" branch="true" condition-coverage="100% (2/2)"/>
						<line number="43" hits="1"/>
						<line number="46" hits="1"/>
						<line number="49" hits="1"/>
						<line number="57" hits="1"/>
						<line number="59" hits="1"/>
					</lines>
				</class>
			</classes>
		</package>
		<package name="application.use_cases.chart_calculation" line-rate="0.6627" branch-rate="0.3" complexity="0">
			<classes>
				<class name="__init__.py" filename="application/use_cases/chart_calculation/__init__.py" complexity="0" line-rate="1" branch-rate="1">
					<methods/>
					<lines>
						<line number="6" hits="1"/>
						<line number="7" hits="1"/>
						<line number="8" hits="1"/>
						<line number="10" hits="1"/>
					</lines>
				</class>
				<class name="calculate_natal_chart_use_case.py" filename="application/use_cases/chart_calculation/calculate_natal_chart_use_case.py" complexity="0" line-rate="0.6316" branch-rate="0.5">
					<methods/>
					<lines>
						<line number="6" hits="1"/>
						<line number="8" hits="1"/>
						<line number="9" hits="1"/>
						<line number="10" hits="1"/>
						<line number="11" hits="1"/>
						<line number="16" hits="1"/>
						<line number="17" hits="1"/>
						<line number="18" hits="1"/>
						<line number="19" hits="1"/>
						<line number="22" hits="1"/>
						<line number="36" hits="1"/>
						<line number="43" hits="1"/>
						<line number="44" hits="1"/>
						<line number="45" hits="1"/>
						<line number="46" hits="1"/>
						<line number="48" hits="1"/>
						<line number="69" hits="1"/>
						<line number="71" hits="1" branch="true" condition-coverage="50% (1/2)" missing-branches="72"/>
						<line number="72" hits="0"/>
						<line number="74" hits="1" branch="true" condition-coverage="50% (1/2)" missing-branches="79"/>
						<line number="75" hits="1" branch="true" condition-coverage="50% (1/2)" missing-branches="76"/>
						<line number="76" hits="0"/>
						<line number="79" hits="1"/>
						<line number="80" hits="1"/>
						<line number="86" hits="1"/>
						<line number="87" hits="1"/>
						<line number="90" hits="0"/>
						<line number="91" hits="0"/>
						<line number="92" hits="0"/>
						<line number="93" hits="0"/>
						<line number="96" hits="0"/>
						<line number="98" hits="0"/>
						<line number="105" hits="0"/>
						<line number="110" hits="0"/>
						<line number="112" hits="0"/>
						<line number="115" hits="0"/>
						<line number="124" hits="0"/>
						<line number="127" hits="0"/>
					</lines>
				</class>
				<class name="get_chart_details_use_case.py" filename="application/use_cases/chart_calculation/get_chart_details_use_case.py" complexity="0" line-rate="0.4286" branch-rate="0">
					<methods/>
					<lines>
						<line number="6" hits="1"/>
						<line number="8" hits="1"/>
						<line number="9" hits="1"/>
						<line number="10" hits="1"/>
						<line number="15" hits="1"/>
						<line number="16" hits="1"/>
						<line number="19" hits="1"/>
						<line number="26" hits="1"/>
						<line number="31" hits="0"/>
						<line number="32" hits="0"/>
						<line number="34" hits="1"/>
						<line number="50" hits="0"/>
						<line number="52" hits="0" branch="true" condition-coverage="0% (0/2)" missing-branches="53,56"/>
						<line number="53" hits="0"/>
						<line number="56" hits="0"/>
						<line number="58" hits="0" branch="true" condition-coverage="0% (0/2)" missing-branches="59,62"/>
						<line number="59" hits="0"/>
						<line number="62" hits="0" branch="true" condition-coverage="0% (0/2)" missing-branches="63,66"/>
						<line number="63" hits="0" branch="true" condition-coverage="0% (0/2)" missing-branches="64,66"/>
						<line number="64" hits="0"/>
						<line number="66" hits="0"/>
					</lines>
				</class>
				<class name="list_client_charts_use_case.py" filename="application/use_cases/chart_calculation/list_client_charts_use_case.py" complexity="0" line-rate="0.9" branch-rate="0.5">
					<methods/>
					<lines>
						<line number="6" hits="1"/>
						<line number="7" hits="1"/>
						<line number="9" hits="1"/>
						<line number="10" hits="1"/>
						<line number="11" hits="1"/>
						<line number="12" hits="1"/>
						<line number="13" hits="1"/>
						<line number="16" hits="1"/>
						<line number="23" hits="1"/>
						<line number="28" hits="1"/>
						<line number="29" hits="1"/>
						<line number="31" hits="1"/>
						<line number="55" hits="1"/>
						<line number="57" hits="1" branch="true" condition-coverage="50% (1/2)" missing-branches="58"/>
						<line number="58" hits="0"/>
						<line number="61" hits="1" branch="true" condition-coverage="50% (1/2)" missing-branches="66"/>
						<line number="62" hits="1" branch="true" condition-coverage="50% (1/2)" missing-branches="63"/>
						<line number="63" hits="0"/>
						<line number="66" hits="1"/>
						<line number="73" hits="1"/>
					</lines>
				</class>
			</classes>
		</package>
		<package name="application.use_cases.client_management" line-rate="0.75" branch-rate="0.3" complexity="0">
			<classes>
				<class name="__init__.py" filename="application/use_cases/client_management/__init__.py" complexity="0" line-rate="1" branch-rate="1">
					<methods/>
					<lines>
						<line number="6" hits="1"/>
						<line number="7" hits="1"/>
						<line number="8" hits="1"/>
						<line number="9" hits="1"/>
						<line number="10" hits="1"/>
						<line number="12" hits="1"/>
					</lines>
				</class>
				<class name="create_client_use_case.py" filename="application/use_cases/client_management/create_client_use_case.py" complexity="0" line-rate="0.8571" branch-rate="0.5">
					<methods/>
					<lines>
						<line number="6" hits="1"/>
						<line number="7" hits="1"/>
						<line number="8" hits="1"/>
						<line number="9" hits="1"/>
						<line number="10" hits="1"/>
						<line number="11" hits="1"/>
						<line number="12" hits="1"/>
						<line number="15" hits="1"/>
						<line number="22" hits="1"/>
						<line number="27" hits="1"/>
						<line number="28" hits="1"/>
						<line number="30" hits="1"/>
						<line number="46" hits="1" branch="true" condition-coverage="50% (1/2)" missing-branches="47"/>
						<line number="47" hits="0"/>
						<line number="50" hits="1"/>
						<line number="51" hits="1"/>
						<line number="59" hits="0"/>
						<line number="60" hits="0"/>
						<line number="63" hits="1"/>
						<line number="73" hits="1"/>
						<line number="75" hits="1"/>
					</lines>
				</class>
				<class name="get_client_details_use_case.py" filename="application/use_cases/client_management/get_client_details_use_case.py" complexity="0" line-rate="0.9375" branch-rate="0.6667">
					<methods/>
					<lines>
						<line number="6" hits="1"/>
						<line number="8" hits="1"/>
						<line number="9" hits="1"/>
						<line number="10" hits="1"/>
						<line number="11" hits="1"/>
						<line number="14" hits="1"/>
						<line number="21" hits="1"/>
						<line number="22" hits="1"/>
						<line number="24" hits="1"/>
						<line number="40" hits="1"/>
						<line number="42" hits="1" branch="true" condition-coverage="100% (2/2)"/>
						<line number="43" hits="1"/>
						<line number="46" hits="1" branch="true" condition-coverage="50% (1/2)" missing-branches="51"/>
						<line number="48" hits="1" branch="true" condition-coverage="50% (1/2)" missing-branches="49"/>
						<line number="49" hits="0"/>
						<line number="51" hits="1"/>
					</lines>
				</class>
				<class name="list_clients_use_case.py" filename="application/use_cases/client_management/list_clients_use_case.py" complexity="0" line-rate="0.8235" branch-rate="0.5">
					<methods/>
					<lines>
						<line number="6" hits="1"/>
						<line number="7" hits="1"/>
						<line number="8" hits="1"/>
						<line number="9" hits="1"/>
						<line number="12" hits="1"/>
						<line number="19" hits="1"/>
						<line number="20" hits="1"/>
						<line number="22" hits="1"/>
						<line number="43" hits="1" branch="true" condition-coverage="50% (1/2)" missing-branches="44"/>
						<line number="44" hits="0"/>
						<line number="47" hits="1" branch="true" condition-coverage="50% (1/2)" missing-branches="49"/>
						<line number="49" hits="0"/>
						<line number="51" hits="0"/>
						<line number="54" hits="1"/>
						<line number="59" hits="1"/>
						<line number="62" hits="1"/>
						<line number="64" hits="1"/>
					</lines>
				</class>
				<class name="search_clients_use_case.py" filename="application/use_cases/client_management/search_clients_use_case.py" complexity="0" line-rate="0.8667" branch-rate="0.5">
					<methods/>
					<lines>
						<line number="6" hits="1"/>
						<line number="7" hits="1"/>
						<line number="8" hits="1"/>
						<line number="9" hits="1"/>
						<line number="12" hits="1"/>
						<line number="19" hits="1"/>
						<line number="20" hits="1"/>
						<line number="22" hits="1"/>
						<line number="37" hits="1" branch="true" condition-coverage="50% (1/2)" missing-branches="38"/>
						<line number="38" hits="0"/>
						<line number="41" hits="1" branch="true" condition-coverage="50% (1/2)" missing-branches="43"/>
						<line number="43" hits="0"/>
						<line number="50" hits="1"/>
						<line number="58" hits="1"/>
						<line number="60" hits="1"/>
					</lines>
				</class>
				<class name="update_client_use_case.py" filename="application/use_cases/client_management/update_client_use_case.py" complexity="0" line-rate="0.36" branch-rate="0">
					<methods/>
					<lines>
						<line number="6" hits="1"/>
						<line number="8" hits="1"/>
						<line number="9" hits="1"/>
						<line number="10" hits="1"/>
						<line number="11" hits="1"/>
						<line number="14" hits="1"/>
						<line number="21" hits="1"/>
						<line number="22" hits="1"/>
						<line number="24" hits="1"/>
						<line number="40" hits="0"/>
						<line number="42" hits="0" branch="true" condition-coverage="0% (0/2)" missing-branches="43,46"/>
						<line number="43" hits="0"/>
						<line number="46" hits="0" branch="true" condition-coverage="0% (0/2)" missing-branches="47,51"/>
						<line number="47" hits="0" branch="true" condition-coverage="0% (0/2)" missing-branches="48,51"/>
						<line number="48" hits="0"/>
						<line number="51" hits="0" branch="true" condition-coverage="0% (0/2)" missing-branches="52,54"/>
						<line number="52" hits="0"/>
						<line number="54" hits="0" branch="true" condition-coverage="0% (0/2)" missing-branches="55,57"/>
						<line number="55" hits="0"/>
						<line number="57" hits="0" branch="true" condition-coverage="0% (0/2)" missing-branches="58,60"/>
						<line number="58" hits="0"/>
						<line number="60" hits="0" branch="true" condition-coverage="0% (0/2)" missing-branches="61,64"/>
						<line number="61" hits="0"/>
						<line number="64" hits="0"/>
						<line number="66" hits="0"/>
					</lines>
				</class>
			</classes>
		</package>
		<package name="domain.entities" line-rate="0.6099" branch-rate="0.09615" complexity="0">
			<classes>
				<class name="__init__.py" filename="domain/entities/__init__.py" complexity="0" line-rate="1" branch-rate="1">
					<methods/>
					<lines>
						<line number="6" hits="1"/>
						<line number="7" hits="1"/>
						<line number="8" hits="1"/>
						<line number="9" hits="1"/>
						<line number="10" hits="1"/>
						<line number="12" hits="1"/>
					</lines>
				</class>
				<class name="client.py" filename="domain/entities/client.py" complexity="0" line-rate="0.7895" branch-rate="0.375">
					<methods/>
					<lines>
						<line number="7" hits="1"/>
						<line number="8" hits="1"/>
						<line number="9" hits="1"/>
						<line number="10" hits="1"/>
						<line number="12" hits="1"/>
						<line number="15" hits="1"/>
						<line number="16" hits="1"/>
						<line number="26" hits="1"/>
						<line number="27" hits="1"/>
						<line number="28" hits="1"/>
						<line number="31" hits="1"/>
						<line number="32" hits="1"/>
						<line number="33" hits="1"/>
						<line number="36" hits="1"/>
						<line number="39" hits="1"/>
						<line number="40" hits="1"/>
						<line number="41" hits="1"/>
						<line number="43" hits="1"/>
						<line number="45" hits="1" branch="true" condition-coverage="50% (1/2)" missing-branches="46"/>
						<line number="46" hits="0"/>
						<line number="47" hits="1" branch="true" condition-coverage="50% (1/2)" missing-branches="48"/>
						<line number="48" hits="0"/>
						<line number="49" hits="1" branch="true" condition-coverage="50% (1/2)" missing-branches="50"/>
						<line number="50" hits="0"/>
						<line number="52" hits="1"/>
						<line number="53" hits="1"/>
						<line number="55" hits="1"/>
						<line number="57" hits="1"/>
						<line number="59" hits="1"/>
						<line number="61" hits="1"/>
						<line number="63" hits="1"/>
						<line number="65" hits="1"/>
						<line number="67" hits="0"/>
						<line number="68" hits="0"/>
						<line number="70" hits="1"/>
						<line number="72" hits="0" branch="true" condition-coverage="0% (0/2)" missing-branches="73,74"/>
						<line number="73" hits="0"/>
						<line number="74" hits="0"/>
					</lines>
				</class>
				<class name="natal_chart.py" filename="domain/entities/natal_chart.py" complexity="0" line-rate="0.6" branch-rate="0">
					<methods/>
					<lines>
						<line number="6" hits="1"/>
						<line number="7" hits="1"/>
						<line number="8" hits="1"/>
						<line number="9" hits="1"/>
						<line number="12" hits="1"/>
						<line number="13" hits="1"/>
						<line number="23" hits="1"/>
						<line number="24" hits="1"/>
						<line number="27" hits="1"/>
						<line number="28" hits="1"/>
						<line number="31" hits="1"/>
						<line number="32" hits="1"/>
						<line number="35" hits="1"/>
						<line number="38" hits="1"/>
						<line number="39" hits="1"/>
						<line number="42" hits="1"/>
						<line number="43" hits="1"/>
						<line number="45" hits="1"/>
						<line number="47" hits="0" branch="true" condition-coverage="0% (0/2)" missing-branches="48,49"/>
						<line number="48" hits="0"/>
						<line number="49" hits="0" branch="true" condition-coverage="0% (0/2)" missing-branches="exit,50"/>
						<line number="50" hits="0"/>
						<line number="52" hits="1"/>
						<line number="54" hits="0"/>
						<line number="56" hits="1"/>
						<line number="58" hits="0"/>
						<line number="59" hits="0" branch="true" condition-coverage="0% (0/2)" missing-branches="60,61"/>
						<line number="60" hits="0"/>
						<line number="61" hits="0"/>
						<line number="62" hits="0"/>
						<line number="64" hits="1"/>
						<line number="66" hits="0"/>
						<line number="67" hits="0"/>
						<line number="69" hits="1"/>
						<line number="71" hits="0"/>
						<line number="72" hits="0"/>
						<line number="74" hits="1"/>
						<line number="76" hits="0"/>
						<line number="78" hits="1"/>
						<line number="80" hits="0"/>
						<line number="82" hits="1"/>
						<line number="84" hits="0"/>
						<line number="86" hits="1"/>
						<line number="88" hits="0"/>
						<line number="90" hits="1"/>
						<line number="91" hits="1"/>
						<line number="93" hits="0"/>
						<line number="95" hits="1"/>
						<line number="96" hits="1"/>
						<line number="98" hits="0"/>
					</lines>
				</class>
				<class name="solar_return.py" filename="domain/entities/solar_return.py" complexity="0" line-rate="0.5676" branch-rate="0">
					<methods/>
					<lines>
						<line number="6" hits="1"/>
						<line number="7" hits="1"/>
						<line number="8" hits="1"/>
						<line number="9" hits="1"/>
						<line number="12" hits="1"/>
						<line number="13" hits="1"/>
						<line number="23" hits="1"/>
						<line number="24" hits="1"/>
						<line number="25" hits="1"/>
						<line number="28" hits="1"/>
						<line number="29" hits="1"/>
						<line number="30" hits="1"/>
						<line number="31" hits="1"/>
						<line number="32" hits="1"/>
						<line number="33" hits="1"/>
						<line number="36" hits="1"/>
						<line number="37" hits="1"/>
						<line number="40" hits="1"/>
						<line number="41" hits="1"/>
						<line number="42" hits="1"/>
						<line number="45" hits="1"/>
						<line number="48" hits="1"/>
						<line number="49" hits="1"/>
						<line number="52" hits="1"/>
						<line number="53" hits="1"/>
						<line number="55" hits="1"/>
						<line number="57" hits="0" branch="true" condition-coverage="0% (0/2)" missing-branches="58,59"/>
						<line number="58" hits="0"/>
						<line number="59" hits="0" branch="true" condition-coverage="0% (0/2)" missing-branches="60,61"/>
						<line number="60" hits="0"/>
						<line number="61" hits="0" branch="true" condition-coverage="0% (0/2)" missing-branches="62,63"/>
						<line number="62" hits="0"/>
						<line number="63" hits="0" branch="true" condition-coverage="0% (0/2)" missing-branches="64,65"/>
						<line number="64" hits="0"/>
						<line number="65" hits="0" branch="true" condition-coverage="0% (0/2)" missing-branches="66,67"/>
						<line number="66" hits="0"/>
						<line number="67" hits="0" branch="true" condition-coverage="0% (0/2)" missing-branches="exit,68"/>
						<line number="68" hits="0"/>
						<line number="70" hits="1"/>
						<line number="72" hits="0"/>
						<line number="74" hits="1"/>
						<line number="76" hits="0"/>
						<line number="77" hits="0" branch="true" condition-coverage="0% (0/2)" missing-branches="78,79"/>
						<line number="78" hits="0"/>
						<line number="79" hits="0"/>
						<line number="80" hits="0"/>
						<line number="82" hits="1"/>
						<line number="84" hits="0"/>
						<line number="85" hits="0"/>
						<line number="87" hits="1"/>
						<line number="89" hits="0"/>
						<line number="90" hits="0"/>
						<line number="92" hits="1"/>
						<line number="94" hits="0"/>
						<line number="95" hits="0"/>
						<line number="97" hits="1"/>
						<line number="99" hits="0"/>
						<line number="101" hits="1"/>
						<line number="103" hits="0"/>
						<line number="105" hits="1"/>
						<line number="107" hits="0"/>
						<line number="109" hits="1"/>
						<line number="111" hits="0"/>
						<line number="113" hits="1"/>
						<line number="114" hits="1"/>
						<line number="116" hits="0"/>
						<line number="118" hits="1"/>
						<line number="119" hits="1"/>
						<line number="121" hits="0"/>
						<line number="123" hits="1"/>
						<line number="124" hits="1"/>
						<line number="126" hits="0"/>
						<line number="128" hits="1"/>
						<line number="130" hits="0"/>
					</lines>
				</class>
				<class name="transit.py" filename="domain/entities/transit.py" complexity="0" line-rate="0.5179" branch-rate="0">
					<methods/>
					<lines>
						<line number="6" hits="1"/>
						<line number="7" hits="1"/>
						<line number="8" hits="1"/>
						<line number="9" hits="1"/>
						<line number="12" hits="1"/>
						<line number="13" hits="1"/>
						<line number="23" hits="1"/>
						<line number="24" hits="1"/>
						<line number="25" hits="1"/>
						<line number="28" hits="1"/>
						<line number="29" hits="1"/>
						<line number="32" hits="1"/>
						<line number="33" hits="1"/>
						<line number="36" hits="1"/>
						<line number="39" hits="1"/>
						<line number="42" hits="1"/>
						<line number="43" hits="1"/>
						<line number="45" hits="1"/>
						<line number="47" hits="0" branch="true" condition-coverage="0% (0/2)" missing-branches="48,49"/>
						<line number="48" hits="0"/>
						<line number="49" hits="0" branch="true" condition-coverage="0% (0/2)" missing-branches="50,51"/>
						<line number="50" hits="0"/>
						<line number="51" hits="0" branch="true" condition-coverage="0% (0/2)" missing-branches="exit,52"/>
						<line number="52" hits="0"/>
						<line number="54" hits="1"/>
						<line number="56" hits="0"/>
						<line number="57" hits="0" branch="true" condition-coverage="0% (0/2)" missing-branches="58,59"/>
						<line number="58" hits="0"/>
						<line number="59" hits="0"/>
						<line number="60" hits="0"/>
						<line number="62" hits="1"/>
						<line number="64" hits="0"/>
						<line number="65" hits="0" branch="true" condition-coverage="0% (0/2)" missing-branches="66,67"/>
						<line number="66" hits="0"/>
						<line number="67" hits="0"/>
						<line number="68" hits="0"/>
						<line number="70" hits="1"/>
						<line number="72" hits="0"/>
						<line number="74" hits="1"/>
						<line number="76" hits="0"/>
						<line number="77" hits="0" branch="true" condition-coverage="0% (0/2)" missing-branches="78,79"/>
						<line number="78" hits="0"/>
						<line number="79" hits="0"/>
						<line number="80" hits="0"/>
						<line number="82" hits="1"/>
						<line number="84" hits="0"/>
						<line number="86" hits="1"/>
						<line number="88" hits="0"/>
						<line number="90" hits="1"/>
						<line number="91" hits="1"/>
						<line number="93" hits="0"/>
						<line number="95" hits="1"/>
						<line number="96" hits="1"/>
						<line number="98" hits="0"/>
						<line number="100" hits="1"/>
						<line number="102" hits="0"/>
					</lines>
				</class>
				<class name="user.py" filename="domain/entities/user.py" complexity="0" line-rate="0.6034" branch-rate="0.1667">
					<methods/>
					<lines>
						<line number="7" hits="1"/>
						<line number="8" hits="1"/>
						<line number="9" hits="1"/>
						<line number="10" hits="1"/>
						<line number="11" hits="1"/>
						<line number="14" hits="1"/>
						<line number="16" hits="1"/>
						<line number="17" hits="1"/>
						<line number="18" hits="1"/>
						<line number="19" hits="1"/>
						<line number="22" hits="1"/>
						<line number="23" hits="1"/>
						<line number="34" hits="1"/>
						<line number="35" hits="1"/>
						<line number="36" hits="1"/>
						<line number="37" hits="1"/>
						<line number="38" hits="1"/>
						<line number="39" hits="1"/>
						<line number="40" hits="1"/>
						<line number="41" hits="1"/>
						<line number="44" hits="1"/>
						<line number="45" hits="1"/>
						<line number="47" hits="1"/>
						<line number="49" hits="1" branch="true" condition-coverage="50% (1/2)" missing-branches="50"/>
						<line number="50" hits="0"/>
						<line number="51" hits="1" branch="true" condition-coverage="50% (1/2)" missing-branches="52"/>
						<line number="52" hits="0"/>
						<line number="54" hits="1"/>
						<line number="56" hits="0"/>
						<line number="58" hits="1"/>
						<line number="60" hits="1"/>
						<line number="62" hits="1"/>
						<line number="64" hits="0" branch="true" condition-coverage="0% (0/2)" missing-branches="65,66"/>
						<line number="65" hits="0"/>
						<line number="66" hits="0" branch="true" condition-coverage="0% (0/2)" missing-branches="68,69"/>
						<line number="68" hits="0"/>
						<line number="69" hits="0" branch="true" condition-coverage="0% (0/2)" missing-branches="71,72"/>
						<line number="71" hits="0"/>
						<line number="72" hits="0"/>
						<line number="74" hits="1"/>
						<line number="76" hits="0"/>
						<line number="78" hits="1"/>
						<line number="80" hits="0"/>
						<line number="82" hits="1"/>
						<line number="84" hits="0"/>
						<line number="85" hits="0"/>
						<line number="87" hits="1"/>
						<line number="89" hits="0"/>
						<line number="90" hits="0"/>
						<line number="92" hits="1"/>
						<line number="94" hits="0"/>
						<line number="95" hits="0"/>
						<line number="97" hits="1"/>
						<line number="99" hits="0"/>
						<line number="100" hits="0" branch="true" condition-coverage="0% (0/2)" missing-branches="101,102"/>
						<line number="101" hits="0"/>
						<line number="102" hits="0"/>
						<line number="103" hits="0"/>
					</lines>
				</class>
			</classes>
		</package>
		<package name="domain.exceptions" line-rate="0.6915" branch-rate="1" complexity="0">
			<classes>
				<class name="__init__.py" filename="domain/exceptions/__init__.py" complexity="0" line-rate="1" branch-rate="1">
					<methods/>
					<lines>
						<line number="6" hits="1"/>
						<line number="26" hits="1"/>
					</lines>
				</class>
				<class name="domain_exceptions.py" filename="domain/exceptions/domain_exceptions.py" complexity="0" line-rate="0.6848" branch-rate="1">
					<methods/>
					<lines>
						<line number="8" hits="1"/>
						<line number="10" hits="1"/>
						<line number="11" hits="1"/>
						<line number="12" hits="1"/>
						<line number="13" hits="1"/>
						<line number="20" hits="1"/>
						<line number="22" hits="1"/>
						<line number="23" hits="1"/>
						<line number="24" hits="1"/>
						<line number="25" hits="1"/>
						<line number="26" hits="1"/>
						<line number="29" hits="1"/>
						<line number="31" hits="1"/>
						<line number="32" hits="0"/>
						<line number="35" hits="1"/>
						<line number="37" hits="1"/>
						<line number="38" hits="1"/>
						<line number="39" hits="1"/>
						<line number="40" hits="1"/>
						<line number="41" hits="1"/>
						<line number="42" hits="1"/>
						<line number="49" hits="1"/>
						<line number="51" hits="1"/>
						<line number="52" hits="0"/>
						<line number="53" hits="0"/>
						<line number="56" hits="1"/>
						<line number="58" hits="1"/>
						<line number="59" hits="0"/>
						<line number="66" hits="1"/>
						<line number="68" hits="1"/>
						<line number="69" hits="0"/>
						<line number="72" hits="1"/>
						<line number="74" hits="1"/>
						<line number="75" hits="0"/>
						<line number="76" hits="0"/>
						<line number="77" hits="0"/>
						<line number="80" hits="1"/>
						<line number="82" hits="1"/>
						<line number="83" hits="1"/>
						<line number="90" hits="1"/>
						<line number="92" hits="1"/>
						<line number="93" hits="1"/>
						<line number="96" hits="1"/>
						<line number="98" hits="1"/>
						<line number="99" hits="1"/>
						<line number="102" hits="1"/>
						<line number="104" hits="1"/>
						<line number="105" hits="0"/>
						<line number="112" hits="1"/>
						<line number="114" hits="1"/>
						<line number="115" hits="1"/>
						<line number="116" hits="1"/>
						<line number="119" hits="1"/>
						<line number="121" hits="1"/>
						<line number="122" hits="0"/>
						<line number="125" hits="1"/>
						<line number="127" hits="1"/>
						<line number="128" hits="0"/>
						<line number="131" hits="1"/>
						<line number="133" hits="1"/>
						<line number="134" hits="0"/>
						<line number="141" hits="1"/>
						<line number="143" hits="1"/>
						<line number="144" hits="0"/>
						<line number="145" hits="0"/>
						<line number="148" hits="1"/>
						<line number="150" hits="1"/>
						<line number="151" hits="0"/>
						<line number="152" hits="0"/>
						<line number="153" hits="0"/>
						<line number="160" hits="1"/>
						<line number="162" hits="1"/>
						<line number="163" hits="0"/>
						<line number="164" hits="0"/>
						<line number="167" hits="1"/>
						<line number="169" hits="1"/>
						<line number="170" hits="0"/>
						<line number="171" hits="0"/>
						<line number="178" hits="1"/>
						<line number="180" hits="1"/>
						<line number="181" hits="0"/>
						<line number="182" hits="0"/>
						<line number="185" hits="1"/>
						<line number="187" hits="1"/>
						<line number="188" hits="0"/>
						<line number="189" hits="0"/>
						<line number="190" hits="0"/>
						<line number="193" hits="1"/>
						<line number="195" hits="1"/>
						<line number="196" hits="0"/>
						<line number="197" hits="0"/>
						<line number="198" hits="0"/>
					</lines>
				</class>
			</classes>
		</package>
		<package name="domain.value_objects" line-rate="0.5799" branch-rate="0.1667" complexity="0">
			<classes>
				<class name="__init__.py" filename="domain/value_objects/__init__.py" complexity="0" line-rate="1" branch-rate="1">
					<methods/>
					<lines>
						<line number="6" hits="1"/>
						<line number="7" hits="1"/>
						<line number="8" hits="1"/>
						<line number="9" hits="1"/>
						<line number="11" hits="1"/>
					</lines>
				</class>
				<class name="aspect.py" filename="domain/value_objects/aspect.py" complexity="0" line-rate="0.6216" branch-rate="0">
					<methods/>
					<lines>
						<line number="6" hits="1"/>
						<line number="7" hits="1"/>
						<line number="8" hits="1"/>
						<line number="11" hits="1"/>
						<line number="13" hits="1"/>
						<line number="14" hits="1"/>
						<line number="15" hits="1"/>
						<line number="16" hits="1"/>
						<line number="17" hits="1"/>
						<line number="18" hits="1"/>
						<line number="19" hits="1"/>
						<line number="20" hits="1"/>
						<line number="23" hits="1"/>
						<line number="25" hits="1"/>
						<line number="26" hits="1"/>
						<line number="27" hits="1"/>
						<line number="28" hits="1"/>
						<line number="31" hits="1"/>
						<line number="32" hits="1"/>
						<line number="42" hits="1"/>
						<line number="43" hits="1"/>
						<line number="44" hits="1"/>
						<line number="45" hits="1"/>
						<line number="46" hits="1"/>
						<line number="47" hits="1"/>
						<line number="50" hits="1"/>
						<line number="51" hits="1"/>
						<line number="53" hits="1"/>
						<line number="55" hits="0" branch="true" condition-coverage="0% (0/2)" missing-branches="56,57"/>
						<line number="56" hits="0"/>
						<line number="57" hits="0" branch="true" condition-coverage="0% (0/2)" missing-branches="58,59"/>
						<line number="58" hits="0"/>
						<line number="59" hits="0" branch="true" condition-coverage="0% (0/2)" missing-branches="60,61"/>
						<line number="60" hits="0"/>
						<line number="61" hits="0" branch="true" condition-coverage="0% (0/2)" missing-branches="exit,62"/>
						<line number="62" hits="0"/>
						<line number="64" hits="1"/>
						<line number="65" hits="1"/>
						<line number="67" hits="0"/>
						<line number="69" hits="1"/>
						<line number="70" hits="1"/>
						<line number="72" hits="0"/>
						<line number="74" hits="1"/>
						<line number="75" hits="1"/>
						<line number="77" hits="0"/>
						<line number="84" hits="0"/>
						<line number="86" hits="1"/>
						<line number="87" hits="1"/>
						<line number="89" hits="0"/>
						<line number="91" hits="1"/>
						<line number="92" hits="1"/>
						<line number="94" hits="0"/>
						<line number="104" hits="0"/>
						<line number="106" hits="1"/>
						<line number="107" hits="1"/>
						<line number="109" hits="0"/>
						<line number="119" hits="0"/>
						<line number="121" hits="1"/>
						<line number="123" hits="0"/>
						<line number="138" hits="1"/>
						<line number="140" hits="0"/>
						<line number="142" hits="1"/>
						<line number="143" hits="1"/>
						<line number="145" hits="0"/>
						<line number="155" hits="0"/>
						<line number="157" hits="1"/>
						<line number="158" hits="1"/>
						<line number="160" hits="0" branch="true" condition-coverage="0% (0/2)" missing-branches="161,162"/>
						<line number="161" hits="0"/>
						<line number="162" hits="0" branch="true" condition-coverage="0% (0/2)" missing-branches="163,164"/>
						<line number="163" hits="0"/>
						<line number="164" hits="0" branch="true" condition-coverage="0% (0/2)" missing-branches="165,167"/>
						<line number="165" hits="0"/>
						<line number="167" hits="0"/>
					</lines>
				</class>
				<class name="birth_data.py" filename="domain/value_objects/birth_data.py" complexity="0" line-rate="0.7419" branch-rate="0.625">
					<methods/>
					<lines>
						<line number="6" hits="1"/>
						<line number="7" hits="1"/>
						<line number="8" hits="1"/>
						<line number="11" hits="1"/>
						<line number="12" hits="1"/>
						<line number="21" hits="1"/>
						<line number="22" hits="1"/>
						<line number="23" hits="1"/>
						<line number="24" hits="1"/>
						<line number="27" hits="1"/>
						<line number="28" hits="1"/>
						<line number="30" hits="1"/>
						<line number="32" hits="1" branch="true" condition-coverage="50% (1/2)" missing-branches="33"/>
						<line number="33" hits="0"/>
						<line number="34" hits="1" branch="true" condition-coverage="50% (1/2)" missing-branches="35"/>
						<line number="35" hits="0"/>
						<line number="36" hits="1" branch="true" condition-coverage="50% (1/2)" missing-branches="37"/>
						<line number="37" hits="0"/>
						<line number="38" hits="1" branch="true" condition-coverage="50% (1/2)" missing-branches="39"/>
						<line number="39" hits="0"/>
						<line number="42" hits="1" branch="true" condition-coverage="100% (2/2)"/>
						<line number="43" hits="1" branch="true" condition-coverage="50% (1/2)" missing-branches="44"/>
						<line number="44" hits="0"/>
						<line number="45" hits="1" branch="true" condition-coverage="100% (2/2)"/>
						<line number="46" hits="1" branch="true" condition-coverage="50% (1/2)" missing-branches="47"/>
						<line number="47" hits="0"/>
						<line number="49" hits="1"/>
						<line number="50" hits="1"/>
						<line number="52" hits="0"/>
						<line number="54" hits="1"/>
						<line number="56" hits="0"/>
					</lines>
				</class>
				<class name="celestial_position.py" filename="domain/value_objects/celestial_position.py" complexity="0" line-rate="0.5625" branch-rate="0">
					<methods/>
					<lines>
						<line number="6" hits="1"/>
						<line number="7" hits="1"/>
						<line number="10" hits="1"/>
						<line number="11" hits="1"/>
						<line number="21" hits="1"/>
						<line number="22" hits="1"/>
						<line number="23" hits="1"/>
						<line number="24" hits="1"/>
						<line number="27" hits="1"/>
						<line number="28" hits="1"/>
						<line number="29" hits="1"/>
						<line number="30" hits="1"/>
						<line number="33" hits="1"/>
						<line number="36" hits="1"/>
						<line number="37" hits="1"/>
						<line number="39" hits="1"/>
						<line number="41" hits="0" branch="true" condition-coverage="0% (0/2)" missing-branches="42,43"/>
						<line number="42" hits="0"/>
						<line number="43" hits="0" branch="true" condition-coverage="0% (0/2)" missing-branches="44,45"/>
						<line number="44" hits="0"/>
						<line number="45" hits="0" branch="true" condition-coverage="0% (0/2)" missing-branches="46,47"/>
						<line number="46" hits="0"/>
						<line number="47" hits="0" branch="true" condition-coverage="0% (0/2)" missing-branches="48,49"/>
						<line number="48" hits="0"/>
						<line number="49" hits="0" branch="true" condition-coverage="0% (0/2)" missing-branches="50,51"/>
						<line number="50" hits="0"/>
						<line number="51" hits="0" branch="true" condition-coverage="0% (0/2)" missing-branches="exit,52"/>
						<line number="52" hits="0"/>
						<line number="54" hits="1"/>
						<line number="55" hits="1"/>
						<line number="57" hits="0"/>
[...]
						<line number="26" hits="1"/>
						<line number="27" hits="1"/>
						<line number="28" hits="1"/>
						<line number="29" hits="1"/>
						<line number="32" hits="1"/>
						<line number="33" hits="1"/>
						<line number="34" hits="1"/>
						<line number="35" hits="1"/>
						<line number="36" hits="1"/>
						<line number="37" hits="1"/>
						<line number="38" hits="1"/>
						<line number="39" hits="1"/>
						<line number="40" hits="1"/>
						<line number="41" hits="1"/>
						<line number="44" hits="1"/>
						<line number="45" hits="1"/>
						<line number="46" hits="1"/>
						<line number="47" hits="1"/>
						<line number="48" hits="1"/>
						<line number="49" hits="1"/>
						<line number="52" hits="1"/>
						<line number="53" hits="1"/>
						<line number="54" hits="1"/>
						<line number="57" hits="1"/>
						<line number="58" hits="1"/>
						<line number="59" hits="1"/>
						<line number="62" hits="1"/>
						<line number="63" hits="1"/>
						<line number="64" hits="1"/>
						<line number="67" hits="1"/>
						<line number="68" hits="1"/>
						<line number="69" hits="1"/>
						<line number="70" hits="1"/>
						<line number="71" hits="1"/>
						<line number="74" hits="1"/>
						<line number="75" hits="1"/>
						<line number="78" hits="1"/>
						<line number="79" hits="1"/>
						<line number="81" hits="1"/>
						<line number="82" hits="1"/>
						<line number="83" hits="1"/>
						<line number="86" hits="1"/>
						<line number="87" hits="1"/>
						<line number="94" hits="1"/>
					</lines>
				</class>
			</classes>
		</package>
		<package name="infrastructure.database" line-rate="0.8675" branch-rate="1" complexity="0">
			<classes>
				<class name="__init__.py" filename="infrastructure/database/__init__.py" complexity="0" line-rate="1" branch-rate="1">
					<methods/>
					<lines>
						<line number="6" hits="1"/>
						<line number="7" hits="1"/>
						<line number="16" hits="1"/>
					</lines>
				</class>
				<class name="connection.py" filename="infrastructure/database/connection.py" complexity="0" line-rate="0.5172" branch-rate="1">
					<methods/>
					<lines>
						<line number="6" hits="1"/>
						<line number="7" hits="1"/>
						<line number="9" hits="1"/>
						<line number="10" hits="1"/>
						<line number="11" hits="1"/>
						<line number="13" hits="1"/>
						<line number="15" hits="1"/>
						<line number="18" hits="1"/>
						<line number="27" hits="1"/>
						<line number="30" hits="1"/>
						<line number="33" hits="1"/>
						<line number="45" hits="0"/>
						<line number="46" hits="0"/>
						<line number="47" hits="0"/>
						<line number="49" hits="0"/>
						<line number="52" hits="1"/>
						<line number="53" hits="1"/>
						<line number="61" hits="0"/>
						<line number="62" hits="0"/>
						<line number="63" hits="0"/>
						<line number="64" hits="0"/>
						<line number="65" hits="0"/>
						<line number="66" hits="0"/>
						<line number="67" hits="0"/>
						<line number="69" hits="0"/>
						<line number="72" hits="1"/>
						<line number="74" hits="0"/>
						<line number="77" hits="1"/>
						<line number="79" hits="0"/>
					</lines>
				</class>
				<class name="models.py" filename="infrastructure/database/models.py" complexity="0" line-rate="0.9496" branch-rate="1">
					<methods/>
					<lines>
						<line number="7" hits="1"/>
						<line number="8" hits="1"/>
						<line number="10" hits="1"/>
						<line number="13" hits="1"/>
						<line number="14" hits="1"/>
						<line number="16" hits="1"/>
						<line number="17" hits="1"/>
						<line number="24" hits="1"/>
						<line number="26" hits="1"/>
						<line number="28" hits="1"/>
						<line number="29" hits="1"/>
						<line number="30" hits="1"/>
						<line number="31" hits="1"/>
						<line number="32" hits="1"/>
						<line number="33" hits="1"/>
						<line number="34" hits="1"/>
						<line number="35" hits="1"/>
						<line number="38" hits="1"/>
						<line number="39" hits="1"/>
						<line number="42" hits="1"/>
						<line number="43" hits="1"/>
						<line number="45" hits="1"/>
						<line number="46" hits="0"/>
						<line number="53" hits="1"/>
						<line number="55" hits="1"/>
						<line number="57" hits="1"/>
						<line number="58" hits="1"/>
						<line number="59" hits="1"/>
						<line number="62" hits="1"/>
						<line number="63" hits="1"/>
						<line number="64" hits="1"/>
						<line number="67" hits="1"/>
						<line number="68" hits="1"/>
						<line number="69" hits="1"/>
						<line number="70" hits="1"/>
						<line number="71" hits="1"/>
						<line number="72" hits="1"/>
						<line number="75" hits="1"/>
						<line number="76" hits="1"/>
						<line number="77" hits="1"/>
						<line number="80" hits="1"/>
						<line number="81" hits="1"/>
						<line number="82" hits="1"/>
						<line number="83" hits="1"/>
						<line number="84" hits="1"/>
						<line number="86" hits="1"/>
						<line number="87" hits="0"/>
						<line number="94" hits="1"/>
						<line number="96" hits="1"/>
						<line number="98" hits="1"/>
						<line number="99" hits="1"/>
						<line number="102" hits="1"/>
						<line number="103" hits="1"/>
						<line number="104" hits="1"/>
						<line number="107" hits="1"/>
						<line number="108" hits="1"/>
						<line number="111" hits="1"/>
						<line number="112" hits="1"/>
						<line number="115" hits="1"/>
						<line number="116" hits="1"/>
						<line number="119" hits="1"/>
						<line number="121" hits="1"/>
						<line number="122" hits="0"/>
						<line number="129" hits="1"/>
						<line number="131" hits="1"/>
						<line number="133" hits="1"/>
						<line number="134" hits="1"/>
						<line number="135" hits="1"/>
						<line number="138" hits="1"/>
						<line number="139" hits="1"/>
						<line number="140" hits="1"/>
						<line number="141" hits="1"/>
						<line number="142" hits="1"/>
						<line number="145" hits="1"/>
						<line number="148" hits="1"/>
						<line number="149" hits="1"/>
						<line number="152" hits="1"/>
						<line number="153" hits="1"/>
						<line number="155" hits="1"/>
						<line number="156" hits="0"/>
						<line number="163" hits="1"/>
						<line number="165" hits="1"/>
						<line number="167" hits="1"/>
						<line number="168" hits="1"/>
						<line number="169" hits="1"/>
						<line number="172" hits="1"/>
						<line number="173" hits="1"/>
						<line number="174" hits="1"/>
						<line number="175" hits="1"/>
						<line number="176" hits="1"/>
						<line number="177" hits="1"/>
						<line number="180" hits="1"/>
						<line number="181" hits="1"/>
						<line number="182" hits="1"/>
						<line number="185" hits="1"/>
						<line number="186" hits="1"/>
						<line number="187" hits="1"/>
						<line number="190" hits="1"/>
						<line number="191" hits="1"/>
						<line number="194" hits="1"/>
						<line number="195" hits="1"/>
						<line number="198" hits="1"/>
						<line number="199" hits="1"/>
						<line number="201" hits="1"/>
						<line number="202" hits="0"/>
						<line number="209" hits="1"/>
						<line number="211" hits="1"/>
						<line number="213" hits="1"/>
						<line number="214" hits="1"/>
						<line number="215" hits="1"/>
						<line number="216" hits="1"/>
						<line number="217" hits="1"/>
						<line number="218" hits="1"/>
						<line number="219" hits="1"/>
						<line number="220" hits="1"/>
						<line number="221" hits="1"/>
						<line number="224" hits="1"/>
						<line number="226" hits="1"/>
						<line number="227" hits="0"/>
					</lines>
				</class>
			</classes>
		</package>
		<package name="ports.calculators" line-rate="0.7407" branch-rate="1" complexity="0">
			<classes>
				<class name="astro_calculator.py" filename="ports/calculators/astro_calculator.py" complexity="0" line-rate="0.7407" branch-rate="1">
					<methods/>
					<lines>
						<line number="7" hits="1"/>
						<line number="8" hits="1"/>
						<line number="9" hits="1"/>
						<line number="10" hits="1"/>
						<line number="12" hits="1"/>
						<line number="15" hits="1"/>
						<line number="22" hits="1"/>
						<line number="23" hits="1"/>
						<line number="42" hits="0"/>
						<line number="44" hits="1"/>
						<line number="45" hits="1"/>
						<line number="67" hits="0"/>
						<line number="69" hits="1"/>
						<line number="70" hits="1"/>
						<line number="94" hits="0"/>
						<line number="96" hits="1"/>
						<line number="97" hits="1"/>
						<line number="117" hits="0"/>
						<line number="119" hits="1"/>
						<line number="120" hits="1"/>
						<line number="132" hits="0"/>
						<line number="134" hits="1"/>
						<line number="135" hits="1"/>
						<line number="143" hits="0"/>
						<line number="145" hits="1"/>
						<line number="146" hits="1"/>
						<line number="162" hits="0"/>
					</lines>
				</class>
			</classes>
		</package>
		<package name="ports.interpreters" line-rate="0.7429" branch-rate="1" complexity="0">
			<classes>
				<class name="__init__.py" filename="ports/interpreters/__init__.py" complexity="0" line-rate="1" branch-rate="1">
					<methods/>
					<lines>
						<line number="6" hits="1"/>
						<line number="8" hits="1"/>
					</lines>
				</class>
				<class name="chart_interpreter.py" filename="ports/interpreters/chart_interpreter.py" complexity="0" line-rate="0.7273" branch-rate="1">
					<methods/>
					<lines>
						<line number="6" hits="1"/>
						<line number="7" hits="1"/>
						<line number="9" hits="1"/>
						<line number="10" hits="1"/>
						<line number="11" hits="1"/>
						<line number="14" hits="1"/>
						<line number="22" hits="1"/>
						<line number="23" hits="1"/>
						<line number="52" hits="0"/>
						<line number="54" hits="1"/>
						<line number="55" hits="1"/>
						<line number="72" hits="0"/>
						<line number="74" hits="1"/>
						<line number="75" hits="1"/>
						<line number="92" hits="0"/>
						<line number="94" hits="1"/>
						<line number="95" hits="1"/>
						<line number="114" hits="0"/>
						<line number="116" hits="1"/>
						<line number="117" hits="1"/>
						<line number="136" hits="0"/>
						<line number="138" hits="1"/>
						<line number="139" hits="1"/>
						<line number="156" hits="0"/>
						<line number="158" hits="1"/>
						<line number="159" hits="1"/>
						<line number="176" hits="0"/>
						<line number="178" hits="1"/>
						<line number="179" hits="1"/>
						<line number="186" hits="0"/>
						<line number="188" hits="1"/>
						<line number="189" hits="1"/>
						<line number="199" hits="0"/>
					</lines>
				</class>
			</classes>
		</package>
		<package name="ports.repositories" line-rate="0.7135" branch-rate="1" complexity="0">
			<classes>
				<class name="__init__.py" filename="ports/repositories/__init__.py" complexity="0" line-rate="1" branch-rate="1">
					<methods/>
					<lines>
						<line number="6" hits="1"/>
						<line number="7" hits="1"/>
						<line number="8" hits="1"/>
						<line number="13" hits="1"/>
						<line number="15" hits="1"/>
					</lines>
				</class>
				<class name="audit_repository.py" filename="ports/repositories/audit_repository.py" complexity="0" line-rate="0.6739" branch-rate="1">
					<methods/>
					<lines>
						<line number="6" hits="1"/>
						<line number="7" hits="1"/>
						<line number="8" hits="1"/>
						<line number="9" hits="1"/>
						<line number="10" hits="1"/>
						<line number="13" hits="1"/>
						<line number="15" hits="1"/>
						<line number="16" hits="1"/>
						<line number="17" hits="1"/>
						<line number="18" hits="1"/>
						<line number="19" hits="1"/>
						<line number="20" hits="1"/>
						<line number="21" hits="1"/>
						<line number="22" hits="1"/>
						<line number="25" hits="1"/>
						<line number="27" hits="1"/>
						<line number="38" hits="0"/>
						<line number="39" hits="0"/>
						<line number="40" hits="0"/>
						<line number="41" hits="0"/>
						<line number="42" hits="0"/>
						<line number="43" hits="0"/>
						<line number="44" hits="0"/>
						<line number="45" hits="0"/>
						<line number="48" hits="1"/>
						<line number="55" hits="1"/>
						<line number="56" hits="1"/>
						<line number="66" hits="0"/>
						<line number="68" hits="1"/>
						<line number="69" hits="1"/>
						<line number="86" hits="0"/>
						<line number="88" hits="1"/>
						<line number="89" hits="1"/>
						<line number="106" hits="0"/>
						<line number="108" hits="1"/>
						<line number="109" hits="1"/>
						<line number="128" hits="0"/>
						<line number="130" hits="1"/>
						<line number="131" hits="1"/>
						<line number="152" hits="0"/>
						<line number="154" hits="1"/>
						<line number="155" hits="1"/>
						<line number="165" hits="0"/>
						<line number="167" hits="1"/>
						<line number="168" hits="1"/>
						<line number="178" hits="0"/>
					</lines>
				</class>
				<class name="chart_repository.py" filename="ports/repositories/chart_repository.py" complexity="0" line-rate="0.7164" branch-rate="1">
					<methods/>
					<lines>
						<line number="6" hits="1"/>
						<line number="7" hits="1"/>
						<line number="8" hits="1"/>
						<line number="9" hits="1"/>
						<line number="11" hits="1"/>
						<line number="12" hits="1"/>
						<line number="13" hits="1"/>
						<line number="16" hits="1"/>
						<line number="19" hits="1"/>
						<line number="20" hits="1"/>
						<line number="22" hits="0"/>
						<line number="24" hits="1"/>
						<line number="25" hits="1"/>
						<line number="27" hits="0"/>
						<line number="29" hits="1"/>
						<line number="30" hits="1"/>
						<line number="37" hits="0"/>
						<line number="39" hits="1"/>
						<line number="40" hits="1"/>
						<line number="42" hits="0"/>
						<line number="44" hits="1"/>
						<line number="45" hits="1"/>
						<line number="47" hits="0"/>
						<line number="49" hits="1"/>
						<line number="50" hits="1"/>
						<line number="52" hits="0"/>
						<line number="55" hits="1"/>
						<line number="58" hits="1"/>
						<line number="59" hits="1"/>
						<line number="61" hits="0"/>
						<line number="63" hits="1"/>
						<line number="64" hits="1"/>
						<line number="66" hits="0"/>
						<line number="68" hits="1"/>
						<line number="69" hits="1"/>
						<line number="76" hits="0"/>
						<line number="78" hits="1"/>
						<line number="79" hits="1"/>
						<line number="86" hits="0"/>
						<line number="88" hits="1"/>
						<line number="89" hits="1"/>
						<line number="95" hits="0"/>
						<line number="97" hits="1"/>
						<line number="98" hits="1"/>
						<line number="100" hits="0"/>
						<line number="102" hits="1"/>
						<line number="103" hits="1"/>
						<line number="105" hits="0"/>
						<line number="108" hits="1"/>
						<line number="111" hits="1"/>
						<line number="112" hits="1"/>
						<line number="114" hits="0"/>
						<line number="116" hits="1"/>
						<line number="117" hits="1"/>
						<line number="119" hits="0"/>
						<line number="121" hits="1"/>
						<line number="122" hits="1"/>
						<line number="129" hits="0"/>
						<line number="131" hits="1"/>
						<line number="132" hits="1"/>
						<line number="138" hits="0"/>
						<line number="140" hits="1"/>
						<line number="141" hits="1"/>
						<line number="143" hits="0"/>
						<line number="145" hits="1"/>
						<line number="146" hits="1"/>
						<line number="148" hits="0"/>
					</lines>
				</class>
				<class name="client_repository.py" filename="ports/repositories/client_repository.py" complexity="0" line-rate="0.7188" branch-rate="1">
					<methods/>
					<lines>
						<line number="6" hits="1"/>
						<line number="7" hits="1"/>
						<line number="8" hits="1"/>
						<line number="10" hits="1"/>
						<line number="13" hits="1"/>
						<line number="20" hits="1"/>
						<line number="21" hits="1"/>
						<line number="34" hits="0"/>
						<line number="36" hits="1"/>
						<line number="37" hits="1"/>
						<line number="47" hits="0"/>
						<line number="49" hits="1"/>
						<line number="50" hits="1"/>
						<line number="61" hits="0"/>
						<line number="63" hits="1"/>
						<line number="64" hits="1"/>
						<line number="81" hits="0"/>
						<line number="83" hits="1"/>
						<line number="84" hits="1"/>
						<line number="94" hits="0"/>
						<line number="96" hits="1"/>
						<line number="97" hits="1"/>
						<line number="116" hits="0"/>
						<line number="118" hits="1"/>
						<line number="119" hits="1"/>
						<line number="129" hits="0"/>
						<line number="131" hits="1"/>
						<line number="132" hits="1"/>
						<line number="142" hits="0"/>
						<line number="144" hits="1"/>
						<line number="145" hits="1"/>
						<line number="155" hits="0"/>
					</lines>
				</class>
				<class name="user_repository.py" filename="ports/repositories/user_repository.py" complexity="0" line-rate="0.7143" branch-rate="1">
					<methods/>
					<lines>
						<line number="6" hits="1"/>
						<line number="7" hits="1"/>
						<line number="8" hits="1"/>
						<line number="10" hits="1"/>
						<line number="13" hits="1"/>
						<line number="21" hits="1"/>
						<line number="22" hits="1"/>
						<line number="36" hits="0"/>
						<line number="38" hits="1"/>
						<line number="39" hits="1"/>
						<line number="49" hits="0"/>
						<line number="51" hits="1"/>
						<line number="52" hits="1"/>
						<line number="62" hits="0"/>
						<line number="64" hits="1"/>
						<line number="65" hits="1"/>
						<line number="76" hits="0"/>
						<line number="78" hits="1"/>
						<line number="79" hits="1"/>
						<line number="91" hits="0"/>
						<line number="93" hits="1"/>
						<line number="94" hits="1"/>
						<line number="105" hits="0"/>
						<line number="107" hits="1"/>
						<line number="108" hits="1"/>
						<line number="118" hits="0"/>
						<line number="120" hits="1"/>
						<line number="121" hits="1"/>
						<line number="131" hits="0"/>
						<line number="133" hits="1"/>
						<line number="134" hits="1"/>
						<line number="141" hits="0"/>
						<line number="143" hits="1"/>
						<line number="144" hits="1"/>
						<line number="154" hits="0"/>
					</lines>
				</class>
			</classes>
		</package>
		<package name="ports.storage" line-rate="0.7222" branch-rate="1" complexity="0">
			<classes>
				<class name="__init__.py" filename="ports/storage/__init__.py" complexity="0" line-rate="1" branch-rate="1">
					<methods/>
					<lines>
						<line number="6" hits="1"/>
						<line number="8" hits="1"/>
					</lines>
				</class>
				<class name="file_storage.py" filename="ports/storage/file_storage.py" complexity="0" line-rate="0.7059" branch-rate="1">
					<methods/>
					<lines>
						<line number="6" hits="1"/>
						<line number="7" hits="1"/>
						<line number="8" hits="1"/>
						<line number="11" hits="1"/>
						<line number="19" hits="1"/>
						<line number="20" hits="1"/>
						<line number="35" hits="0"/>
						<line number="37" hits="1"/>
						<line number="38" hits="1"/>
						<line number="53" hits="0"/>
						<line number="55" hits="1"/>
						<line number="56" hits="1"/>
						<line number="66" hits="0"/>
						<line number="68" hits="1"/>
						<line number="69" hits="1"/>
						<line number="79" hits="0"/>
						<line number="81" hits="1"/>
						<line number="82" hits="1"/>
						<line number="92" hits="0"/>
						<line number="94" hits="1"/>
						<line number="95" hits="1"/>
						<line number="105" hits="0"/>
						<line number="107" hits="1"/>
						<line number="108" hits="1"/>
						<line number="118" hits="0"/>
						<line number="120" hits="1"/>
						<line number="121" hits="1"/>
						<line number="131" hits="0"/>
						<line number="133" hits="1"/>
						<line number="134" hits="1"/>
						<line number="144" hits="0"/>
						<line number="146" hits="1"/>
						<line number="147" hits="1"/>
						<line number="157" hits="0"/>
					</lines>
				</class>
			</classes>
		</package>
	</packages>
</coverage>
